[2022-11-14 12:39:08,084] logger_utils.py->print_log line:20 [INFO]----------------获取鉴权码-正例接口测试开始----------------
[2022-11-14 12:39:08,084] logger_utils.py->print_log line:20 [INFO]请求方式：get
[2022-11-14 12:39:08,085] logger_utils.py->print_log line:20 [INFO]请求地址：https://api.weixin.qq.com/cgi-bin/token
[2022-11-14 12:39:08,086] logger_utils.py->print_log line:20 [INFO]请求params参数：{'grant_type': 'client_credential', 'appid': 'wxf393fadf3268a5d5', 'secret': 'e9a29dfa3920020ebee3675bcc9c2cf8'}
[2022-11-14 12:39:08,408] logger_utils.py->print_log line:20 [INFO]预期结果：[{'codes': {'status_code': 200}}, {'contains': 'access_token'}]
[2022-11-14 12:39:08,409] logger_utils.py->print_log line:20 [INFO]实际结果：{'access_token': '62_3T1Piqw_caVG_OMtPJlOVrIsnNqoTmhsyTILRR0fREsYnWEXVNkZntdkrTm96g1A7beXEr8VZiitIna7OjWnS6SRMV5ll6ToruaAQKwka3ugJt1dChFfJ5QU9h8HWDbAAABQX', 'expires_in': 7200},status_code:200
[2022-11-14 12:39:08,409] logger_utils.py->print_log line:20 [INFO]状态码断言
[2022-11-14 12:39:08,409] logger_utils.py->print_log line:20 [INFO]包含断言
[2022-11-14 12:39:08,409] logger_utils.py->print_log line:20 [INFO]获取鉴权码-正例业务断言成功
[2022-11-14 12:39:08,409] logger_utils.py->print_log line:20 [INFO]----------------获取鉴权码-正例接口测试结束----------------

[2022-11-14 12:39:08,417] logger_utils.py->print_log line:20 [INFO]----------------获取鉴权码-appid为空接口测试开始----------------
[2022-11-14 12:39:08,417] logger_utils.py->print_log line:20 [INFO]请求方式：get
[2022-11-14 12:39:08,418] logger_utils.py->print_log line:20 [INFO]请求地址：https://api.weixin.qq.com/cgi-bin/token
[2022-11-14 12:39:08,418] logger_utils.py->print_log line:20 [INFO]请求params参数：{'grant_type': 'client_credential', 'appid': '', 'secret': 'e9a29dfa3920020ebee3675bcc9c2cf8'}
[2022-11-14 12:39:08,458] logger_utils.py->print_log line:20 [INFO]正则表达式"access_token":"(.*?)"可能有误，或者(反例)接口请求失败，未提取到中间变量
[2022-11-14 12:39:08,458] logger_utils.py->print_log line:20 [INFO]jsonpath表达式$..expires_in可能有误，或者(反例)接口请求失败，未提取到中间变量
[2022-11-14 12:39:08,458] logger_utils.py->print_log line:20 [INFO]预期结果：[{'codes': {'status_code': 200}}, {'contains': '41002'}]
[2022-11-14 12:39:08,458] logger_utils.py->print_log line:20 [INFO]实际结果：{'errcode': 41002, 'errmsg': 'appid missing rid: 6371c66b-06658620-3021677a'},status_code:200
[2022-11-14 12:39:08,459] logger_utils.py->print_log line:20 [INFO]状态码断言
[2022-11-14 12:39:08,459] logger_utils.py->print_log line:20 [INFO]包含断言
[2022-11-14 12:39:08,459] logger_utils.py->print_log line:20 [INFO]获取鉴权码-appid为空业务断言成功
[2022-11-14 12:39:08,459] logger_utils.py->print_log line:20 [INFO]----------------获取鉴权码-appid为空接口测试结束----------------

[2022-11-14 12:39:08,466] logger_utils.py->print_log line:20 [INFO]----------------获取鉴权码-secret为空接口测试开始----------------
[2022-11-14 12:39:08,466] logger_utils.py->print_log line:20 [INFO]请求方式：get
[2022-11-14 12:39:08,467] logger_utils.py->print_log line:20 [INFO]请求地址：https://api.weixin.qq.com/cgi-bin/token
[2022-11-14 12:39:08,467] logger_utils.py->print_log line:20 [INFO]请求params参数：{'grant_type': 'client_credential', 'appid': 'wxf393fadf3268a5d5', 'secret': ''}
[2022-11-14 12:39:08,535] logger_utils.py->print_log line:20 [INFO]正则表达式"access_token":"(.*?)"可能有误，或者(反例)接口请求失败，未提取到中间变量
[2022-11-14 12:39:08,535] logger_utils.py->print_log line:20 [INFO]jsonpath表达式$..expires_in可能有误，或者(反例)接口请求失败，未提取到中间变量
[2022-11-14 12:39:08,535] logger_utils.py->print_log line:20 [INFO]预期结果：[{'codes': {'status_code': 200}}, {'contains': '41004'}]
[2022-11-14 12:39:08,536] logger_utils.py->print_log line:20 [INFO]实际结果：{'errcode': 41004, 'errmsg': 'appsecret missing rid: 6371c66b-41aa387e-507a764a'},status_code:200
[2022-11-14 12:39:08,536] logger_utils.py->print_log line:20 [INFO]状态码断言
[2022-11-14 12:39:08,536] logger_utils.py->print_log line:20 [INFO]包含断言
[2022-11-14 12:39:08,536] logger_utils.py->print_log line:20 [INFO]获取鉴权码-secret为空业务断言成功
[2022-11-14 12:39:08,536] logger_utils.py->print_log line:20 [INFO]----------------获取鉴权码-secret为空接口测试结束----------------

