[2022-11-14 01:14:45,243] logger_utils.py->print_log line:20 [INFO]----------------获取鉴权码-正例接口测试开始----------------
[2022-11-14 01:14:45,243] logger_utils.py->print_log line:20 [INFO]请求方式：get
[2022-11-14 01:14:45,244] logger_utils.py->print_log line:20 [INFO]请求地址：https://api.weixin.qq.com/cgi-bin/token
[2022-11-14 01:14:45,244] logger_utils.py->print_log line:20 [INFO]请求params参数：{'grant_type': 'client_credential', 'appid': 'wxf393fadf3268a5d5', 'secret': 'e9a29dfa3920020ebee3675bcc9c2cf8'}
[2022-11-14 01:14:45,572] logger_utils.py->print_log line:20 [INFO]预期结果：[{'codes': {'status_code': 200}}, {'contains': 'access_token'}]
[2022-11-14 01:14:45,572] logger_utils.py->print_log line:20 [INFO]实际结果：{'access_token': '62_FQHtP5EB6XfVaKGgSG9KujX4BQeMYCDHekIvJh7kUGoZFF68Vz9hBbnGYgJBdOgsIXRPI4DVIoq8E0eVSJfcFIdNX_cNSCrZgmvyNZdR7_-Q4hWoFbWmeZOX14kPABjAGAFQR', 'expires_in': 7200},status_code:200
[2022-11-14 01:14:45,572] logger_utils.py->print_log line:20 [INFO]状态码断言
[2022-11-14 01:14:45,573] logger_utils.py->print_log line:20 [INFO]包含断言
[2022-11-14 01:14:45,573] logger_utils.py->print_log line:20 [INFO]获取鉴权码-正例业务断言成功
[2022-11-14 01:14:45,573] logger_utils.py->print_log line:20 [INFO]----------------获取鉴权码-正例接口测试结束----------------

[2022-11-14 01:14:45,579] logger_utils.py->print_log line:20 [INFO]----------------获取鉴权码-appid为空接口测试开始----------------
[2022-11-14 01:14:45,580] logger_utils.py->print_log line:20 [INFO]请求方式：get
[2022-11-14 01:14:45,581] logger_utils.py->print_log line:20 [INFO]请求地址：https://api.weixin.qq.com/cgi-bin/token
[2022-11-14 01:14:45,581] logger_utils.py->print_log line:20 [INFO]请求params参数：{'grant_type': 'client_credential', 'appid': '', 'secret': 'e9a29dfa3920020ebee3675bcc9c2cf8'}
[2022-11-14 01:14:45,631] logger_utils.py->print_log line:20 [INFO]正则表达式"access_token":"(.*?)"可能有误，或者(反例)接口请求失败，未提取到中间变量
[2022-11-14 01:14:45,631] logger_utils.py->print_log line:20 [INFO]jsonpath表达式$..expires_in可能有误，或者(反例)接口请求失败，未提取到中间变量
[2022-11-14 01:14:45,631] logger_utils.py->print_log line:20 [INFO]预期结果：[{'codes': {'status_code': 200}}, {'contains': '41002'}]
[2022-11-14 01:14:45,631] logger_utils.py->print_log line:20 [INFO]实际结果：{'errcode': 41002, 'errmsg': 'appid missing rid: 63712604-15fd0085-7e6defda'},status_code:200
[2022-11-14 01:14:45,632] logger_utils.py->print_log line:20 [INFO]状态码断言
[2022-11-14 01:14:45,632] logger_utils.py->print_log line:20 [INFO]包含断言
[2022-11-14 01:14:45,632] logger_utils.py->print_log line:20 [INFO]获取鉴权码-appid为空业务断言成功
[2022-11-14 01:14:45,632] logger_utils.py->print_log line:20 [INFO]----------------获取鉴权码-appid为空接口测试结束----------------

[2022-11-14 01:14:45,638] logger_utils.py->print_log line:20 [INFO]----------------获取鉴权码-secret为空接口测试开始----------------
[2022-11-14 01:14:45,638] logger_utils.py->print_log line:20 [INFO]请求方式：get
[2022-11-14 01:14:45,639] logger_utils.py->print_log line:20 [INFO]请求地址：https://api.weixin.qq.com/cgi-bin/token
[2022-11-14 01:14:45,639] logger_utils.py->print_log line:20 [INFO]请求params参数：{'grant_type': 'client_credential', 'appid': 'wxf393fadf3268a5d5', 'secret': ''}
[2022-11-14 01:14:45,712] logger_utils.py->print_log line:20 [INFO]正则表达式"access_token":"(.*?)"可能有误，或者(反例)接口请求失败，未提取到中间变量
[2022-11-14 01:14:45,713] logger_utils.py->print_log line:20 [INFO]jsonpath表达式$..expires_in可能有误，或者(反例)接口请求失败，未提取到中间变量
[2022-11-14 01:14:45,713] logger_utils.py->print_log line:20 [INFO]预期结果：[{'codes': {'status_code': 200}}, {'contains': '41004'}]
[2022-11-14 01:14:45,713] logger_utils.py->print_log line:20 [INFO]实际结果：{'errcode': 41004, 'errmsg': 'appsecret missing rid: 63712604-3bfd30a1-7f90eae9'},status_code:200
[2022-11-14 01:14:45,713] logger_utils.py->print_log line:20 [INFO]状态码断言
[2022-11-14 01:14:45,713] logger_utils.py->print_log line:20 [INFO]包含断言
[2022-11-14 01:14:45,713] logger_utils.py->print_log line:20 [INFO]获取鉴权码-secret为空业务断言成功
[2022-11-14 01:14:45,713] logger_utils.py->print_log line:20 [INFO]----------------获取鉴权码-secret为空接口测试结束----------------

