[2022-11-15 17:46:51,115] logger_utils.py->print_log line:20 [INFO]----------------获取鉴权码-正例接口测试开始----------------
[2022-11-15 17:46:51,115] logger_utils.py->print_log line:20 [INFO]请求方式：get
[2022-11-15 17:46:51,117] logger_utils.py->print_log line:20 [INFO]请求地址：https://api.weixin.qq.com/cgi-bin/token
[2022-11-15 17:46:51,117] logger_utils.py->print_log line:20 [INFO]请求params参数：{'grant_type': 'client_credential', 'appid': 'wx522952477b8bda67', 'secret': 'fc3d0e7c0d53005751b795f57f743554'}
[2022-11-15 17:46:51,474] logger_utils.py->print_log line:20 [INFO]预期结果：[{'codes': {'status_code': 200}}, {'contains': 'access_token'}]
[2022-11-15 17:46:51,475] logger_utils.py->print_log line:20 [INFO]实际结果：{'access_token': '62_YnHzsPq2gI5xgO4hCVN2E8IYkYTtdCZ7wfW198YgmBLz5RiXnW-qm1Gf9WmEdfyo5P9qo_A-sLjz9xBMi1aeaDnZMj2zh3zfXf8CkEN3s9E6HdhI46g5QGmpgcUVACaADAZEG', 'expires_in': 7200},status_code:200
[2022-11-15 17:46:51,475] logger_utils.py->print_log line:20 [INFO]执行状态码断言
[2022-11-15 17:46:51,475] logger_utils.py->print_log line:20 [INFO]执行包含断言
[2022-11-15 17:46:51,475] logger_utils.py->print_log line:20 [INFO]获取鉴权码-正例业务断言成功
[2022-11-15 17:46:51,475] logger_utils.py->print_log line:20 [INFO]----------------获取鉴权码-正例接口测试结束----------------

[2022-11-15 17:46:51,482] logger_utils.py->print_log line:20 [INFO]----------------获取鉴权码-appid为空接口测试开始----------------
[2022-11-15 17:46:51,482] logger_utils.py->print_log line:20 [INFO]请求方式：get
[2022-11-15 17:46:51,483] logger_utils.py->print_log line:20 [INFO]请求地址：https://api.weixin.qq.com/cgi-bin/token
[2022-11-15 17:46:51,483] logger_utils.py->print_log line:20 [INFO]请求params参数：{'grant_type': 'client_credential', 'appid': '', 'secret': 'e9a29dfa3920020ebee3675bcc9c2cf8'}
[2022-11-15 17:46:51,520] logger_utils.py->print_log line:20 [INFO]正则表达式"access_token":"(.*?)"可能有误，或者(反例)接口请求失败，未提取到中间变量
[2022-11-15 17:46:51,521] logger_utils.py->print_log line:20 [INFO]jsonpath表达式$..expires_in可能有误，或者(反例)接口请求失败，未提取到中间变量
[2022-11-15 17:46:51,521] logger_utils.py->print_log line:20 [INFO]预期结果：[{'codes': {'status_code': 200}}, {'contains': '41002'}]
[2022-11-15 17:46:51,521] logger_utils.py->print_log line:20 [INFO]实际结果：{'errcode': 41002, 'errmsg': 'appid missing rid: 6373600a-22148998-78c641b5'},status_code:200
[2022-11-15 17:46:51,522] logger_utils.py->print_log line:20 [INFO]执行状态码断言
[2022-11-15 17:46:51,522] logger_utils.py->print_log line:20 [INFO]执行包含断言
[2022-11-15 17:46:51,522] logger_utils.py->print_log line:20 [INFO]获取鉴权码-appid为空业务断言成功
[2022-11-15 17:46:51,522] logger_utils.py->print_log line:20 [INFO]----------------获取鉴权码-appid为空接口测试结束----------------

[2022-11-15 17:46:51,529] logger_utils.py->print_log line:20 [INFO]----------------获取鉴权码-secret为空接口测试开始----------------
[2022-11-15 17:46:51,529] logger_utils.py->print_log line:20 [INFO]请求方式：get
[2022-11-15 17:46:51,530] logger_utils.py->print_log line:20 [INFO]请求地址：https://api.weixin.qq.com/cgi-bin/token
[2022-11-15 17:46:51,530] logger_utils.py->print_log line:20 [INFO]请求params参数：{'grant_type': 'client_credential', 'appid': 'wxf393fadf3268a5d5', 'secret': ''}
[2022-11-15 17:46:51,600] logger_utils.py->print_log line:20 [INFO]正则表达式"access_token":"(.*?)"可能有误，或者(反例)接口请求失败，未提取到中间变量
[2022-11-15 17:46:51,600] logger_utils.py->print_log line:20 [INFO]jsonpath表达式$..expires_in可能有误，或者(反例)接口请求失败，未提取到中间变量
[2022-11-15 17:46:51,600] logger_utils.py->print_log line:20 [INFO]预期结果：[{'codes': {'status_code': 200}}, {'contains': '41004'}]
[2022-11-15 17:46:51,600] logger_utils.py->print_log line:20 [INFO]实际结果：{'errcode': 41004, 'errmsg': 'appsecret missing rid: 6373600a-4f1907b8-081056ca'},status_code:200
[2022-11-15 17:46:51,600] logger_utils.py->print_log line:20 [INFO]执行状态码断言
[2022-11-15 17:46:51,600] logger_utils.py->print_log line:20 [INFO]执行包含断言
[2022-11-15 17:46:51,601] logger_utils.py->print_log line:20 [INFO]获取鉴权码-secret为空业务断言成功
[2022-11-15 17:46:51,601] logger_utils.py->print_log line:20 [INFO]----------------获取鉴权码-secret为空接口测试结束----------------

[2022-11-15 17:46:51,608] logger_utils.py->print_log line:20 [INFO]----------------选择标签-正例接口测试开始----------------
[2022-11-15 17:46:51,608] logger_utils.py->print_log line:20 [INFO]params参数不存在，请注意
[2022-11-15 17:46:51,608] logger_utils.py->print_log line:20 [INFO]请求方式：get
[2022-11-15 17:46:51,609] logger_utils.py->print_log line:20 [INFO]请求地址：https://api.weixin.qq.com/cgi-bin/tags/get?access_token=62_YnHzsPq2gI5xgO4hCVN2E8IYkYTtdCZ7wfW198YgmBLz5RiXnW-qm1Gf9WmEdfyo5P9qo_A-sLjz9xBMi1aeaDnZMj2zh3zfXf8CkEN3s9E6HdhI46g5QGmpgcUVACaADAZEG
[2022-11-15 17:46:51,708] logger_utils.py->print_log line:20 [INFO]预期结果：[{'contains': 'tags'}, {'codes': {'status_code': 200}}]
[2022-11-15 17:46:51,709] logger_utils.py->print_log line:20 [INFO]实际结果：{'tags': [{'id': 2, 'name': '星标组', 'count': 0}]},status_code:200
[2022-11-15 17:46:51,709] logger_utils.py->print_log line:20 [INFO]执行包含断言
[2022-11-15 17:46:51,709] logger_utils.py->print_log line:20 [INFO]执行状态码断言
[2022-11-15 17:46:51,709] logger_utils.py->print_log line:20 [INFO]选择标签-正例业务断言成功
[2022-11-15 17:46:51,709] logger_utils.py->print_log line:20 [INFO]----------------选择标签-正例接口测试结束----------------

[2022-11-15 17:46:51,717] logger_utils.py->print_log line:20 [INFO]----------------删除标签接口测试开始----------------
[2022-11-15 17:46:51,717] logger_utils.py->print_log line:20 [INFO]请求方式：post
[2022-11-15 17:46:51,718] logger_utils.py->print_log line:20 [INFO]请求地址：https://api.weixin.qq.com/cgi-bin/tags/delete
[2022-11-15 17:46:51,719] logger_utils.py->print_log line:20 [INFO]请求params参数：{'access_token': '62_YnHzsPq2gI5xgO4hCVN2E8IYkYTtdCZ7wfW198YgmBLz5RiXnW-qm1Gf9WmEdfyo5P9qo_A-sLjz9xBMi1aeaDnZMj2zh3zfXf8CkEN3s9E6HdhI46g5QGmpgcUVACaADAZEG'}
[2022-11-15 17:46:51,719] logger_utils.py->print_log line:20 [INFO]请求json参数：{'tag': {'id': 134}}
[2022-11-15 17:46:51,829] logger_utils.py->print_log line:20 [INFO]预期结果：[{'equals': {'errcode': 0}}, {'codes': {'status_code': 200}}]
[2022-11-15 17:46:51,829] logger_utils.py->print_log line:20 [INFO]实际结果：{'errcode': 0, 'errmsg': 'ok'},status_code:200
[2022-11-15 17:46:51,829] logger_utils.py->print_log line:20 [INFO]执行相等断言
[2022-11-15 17:46:51,829] logger_utils.py->print_log line:20 [INFO]执行状态码断言
[2022-11-15 17:46:51,830] logger_utils.py->print_log line:20 [INFO]删除标签业务断言成功
[2022-11-15 17:46:51,830] logger_utils.py->print_log line:20 [INFO]----------------删除标签接口测试结束----------------

[2022-11-15 17:46:51,837] logger_utils.py->print_log line:20 [INFO]----------------文件上传-正例 接口测试开始----------------
[2022-11-15 17:46:51,837] logger_utils.py->print_log line:20 [INFO]headers没有value,请确认
[2022-11-15 17:46:51,837] logger_utils.py->print_log line:20 [INFO]json没有value,请确认
[2022-11-15 17:46:51,837] logger_utils.py->print_log line:20 [INFO]请求方式：post
[2022-11-15 17:46:51,838] logger_utils.py->print_log line:20 [INFO]请求地址：https://api.weixin.qq.com/cgi-bin/media/uploadimg
[2022-11-15 17:46:51,838] logger_utils.py->print_log line:20 [INFO]headers未填充，或者(反例)设计为空
[2022-11-15 17:46:51,839] logger_utils.py->print_log line:20 [INFO]请求params参数：{'access_token': '62_YnHzsPq2gI5xgO4hCVN2E8IYkYTtdCZ7wfW198YgmBLz5RiXnW-qm1Gf9WmEdfyo5P9qo_A-sLjz9xBMi1aeaDnZMj2zh3zfXf8CkEN3s9E6HdhI46g5QGmpgcUVACaADAZEG'}
[2022-11-15 17:46:51,839] logger_utils.py->print_log line:20 [INFO]json未填充，或者(反例)设计为空
[2022-11-15 17:46:52,227] logger_utils.py->print_log line:20 [INFO]预期结果：[{'contains': 'url'}]
[2022-11-15 17:46:52,227] logger_utils.py->print_log line:20 [INFO]实际结果：{'url': 'http://mmbiz.qpic.cn/mmbiz_jpg/RPj532nFvaCHYgaUaIBNGL0FJNYmx5kBpKdOc1lFcSeeVlLs2icia9zyUM8ibPxoe2ib5CNm9utmP7Gmj4dQ6ebmtg/0'},status_code:200
[2022-11-15 17:46:52,227] logger_utils.py->print_log line:20 [INFO]执行包含断言
[2022-11-15 17:46:52,228] logger_utils.py->print_log line:20 [INFO]文件上传-正例 业务断言成功
[2022-11-15 17:46:52,228] logger_utils.py->print_log line:20 [INFO]----------------文件上传-正例 接口测试结束----------------

[2022-11-15 17:46:52,234] logger_utils.py->print_log line:20 [INFO]----------------文件上传-请求方式错误 接口测试开始----------------
[2022-11-15 17:46:52,234] logger_utils.py->print_log line:20 [INFO]headers没有value,请确认
[2022-11-15 17:46:52,234] logger_utils.py->print_log line:20 [INFO]json没有value,请确认
[2022-11-15 17:46:52,234] logger_utils.py->print_log line:20 [INFO]请求方式：get
[2022-11-15 17:46:52,235] logger_utils.py->print_log line:20 [INFO]请求地址：https://api.weixin.qq.com/cgi-bin/media/uploadimg
[2022-11-15 17:46:52,235] logger_utils.py->print_log line:20 [INFO]headers未填充，或者(反例)设计为空
[2022-11-15 17:46:52,236] logger_utils.py->print_log line:20 [INFO]请求params参数：{'access_token': '62_YnHzsPq2gI5xgO4hCVN2E8IYkYTtdCZ7wfW198YgmBLz5RiXnW-qm1Gf9WmEdfyo5P9qo_A-sLjz9xBMi1aeaDnZMj2zh3zfXf8CkEN3s9E6HdhI46g5QGmpgcUVACaADAZEG'}
[2022-11-15 17:46:52,236] logger_utils.py->print_log line:20 [INFO]json未填充，或者(反例)设计为空
[2022-11-15 17:46:52,391] logger_utils.py->print_log line:20 [INFO]预期结果：[{'contains': '43002'}]
[2022-11-15 17:46:52,391] logger_utils.py->print_log line:20 [INFO]实际结果：{'errcode': 43002, 'errmsg': 'require POST method hint: [FmqVda06110037] rid: 6373600b-425ed477-60eeae13'},status_code:200
[2022-11-15 17:46:52,391] logger_utils.py->print_log line:20 [INFO]执行包含断言
[2022-11-15 17:46:52,391] logger_utils.py->print_log line:20 [INFO]文件上传-请求方式错误 业务断言成功
[2022-11-15 17:46:52,392] logger_utils.py->print_log line:20 [INFO]----------------文件上传-请求方式错误 接口测试结束----------------

[2022-11-15 17:46:52,398] logger_utils.py->print_log line:20 [INFO]----------------md5加密接口接口测试开始----------------
[2022-11-15 17:46:52,399] logger_utils.py->print_log line:20 [INFO]params参数不存在，请注意
[2022-11-15 17:46:52,399] logger_utils.py->print_log line:20 [INFO]请求方式：post
[2022-11-15 17:46:52,399] logger_utils.py->print_log line:20 [INFO]请求地址：http://101.34.221.219:5000/md5login
[2022-11-15 17:46:52,399] logger_utils.py->print_log line:20 [INFO]请求data参数：{'username': '21232f297a57a5a743894a0e4a801fc3', 'password': '202cb962ac59075b964b07152d234b70'}
[2022-11-15 17:46:52,521] logger_utils.py->print_log line:20 [INFO]预期结果：[{'contains': 'MD5加密登陆成'}, {'codes': {'status_code': 200}}]
[2022-11-15 17:46:52,521] logger_utils.py->print_log line:20 [INFO]实际结果：{'error_code': 0, 'message': 'MD5加密登陆成功！'},status_code:200
[2022-11-15 17:46:52,522] logger_utils.py->print_log line:20 [INFO]执行包含断言
[2022-11-15 17:46:52,522] logger_utils.py->print_log line:20 [INFO]执行状态码断言
[2022-11-15 17:46:52,522] logger_utils.py->print_log line:20 [INFO]md5加密接口业务断言成功
[2022-11-15 17:46:52,522] logger_utils.py->print_log line:20 [INFO]----------------md5加密接口接口测试结束----------------

[2022-11-15 17:46:52,530] logger_utils.py->print_log line:20 [INFO]----------------base64加密接口接口测试开始----------------
[2022-11-15 17:46:52,530] logger_utils.py->print_log line:20 [INFO]params参数不存在，请注意
[2022-11-15 17:46:52,531] logger_utils.py->print_log line:20 [INFO]请求方式：post
[2022-11-15 17:46:52,531] logger_utils.py->print_log line:20 [INFO]请求地址：http://101.34.221.219:5000/base64login
[2022-11-15 17:46:52,531] logger_utils.py->print_log line:20 [INFO]请求data参数：{'username': 'YWRtaW4=', 'password': 'MTIz'}
[2022-11-15 17:46:52,609] logger_utils.py->print_log line:20 [INFO]预期结果：[{'contains': 'Base64加密登陆成功'}, {'codes': {'status_code': 200}}]
[2022-11-15 17:46:52,609] logger_utils.py->print_log line:20 [INFO]实际结果：{'error_code': 0, 'message': 'Base64加密登陆成功！'},status_code:200
[2022-11-15 17:46:52,609] logger_utils.py->print_log line:20 [INFO]执行包含断言
[2022-11-15 17:46:52,609] logger_utils.py->print_log line:20 [INFO]执行状态码断言
[2022-11-15 17:46:52,609] logger_utils.py->print_log line:20 [INFO]base64加密接口业务断言成功
[2022-11-15 17:46:52,610] logger_utils.py->print_log line:20 [INFO]----------------base64加密接口接口测试结束----------------

[2022-11-15 17:46:52,616] logger_utils.py->print_log line:20 [INFO]----------------rsa加密接口接口测试开始----------------
[2022-11-15 17:46:52,616] logger_utils.py->print_log line:20 [INFO]params参数不存在，请注意
[2022-11-15 17:46:52,616] logger_utils.py->print_log line:20 [INFO]请求方式：post
[2022-11-15 17:46:52,617] logger_utils.py->print_log line:20 [INFO]请求地址：http://101.34.221.219:5000/rsalogin
[2022-11-15 17:46:52,639] logger_utils.py->print_log line:20 [INFO]请求data参数：{'username': 'U+8F5cC+ktjOynYy9pLTbA9rJxBDtJri5KkCG1PBH9ZrUC9XMADSa5wXPRzudvXmJ618EeQ7RpIkj/5r+aJD7bZtcOMrq92H5UZSAlzDPsctBK6NPTrrVmqTNBwRT9svycmx8sb+IjbTVAP2pGGLgg7npyVugltDNU3n4RtF3II=', 'password': 'K50GOBXUfVCVPL9Ak/poGlZA3rLpfkZeDnDrsyTfGTpLq3I6L52R5ip2NHwPPqV93HOYQ/qWO4qxO1iLvCxATrNaT+8EPPTXBItkd7ZurSaPYI0A2NkuvD/sxJJUNE/Cg7uaTCJZKM3x60O9fdErha5wu6/qnzjzNF0C19EwAJE='}
[2022-11-15 17:46:52,714] logger_utils.py->print_log line:20 [INFO]预期结果：[{'contains': 'RSA加密登陆成功'}, {'codes': {'status_code': 200}}]
[2022-11-15 17:46:52,714] logger_utils.py->print_log line:20 [INFO]实际结果：{'error_code': 0, 'message': 'RSA加密登陆成功！'},status_code:200
[2022-11-15 17:46:52,714] logger_utils.py->print_log line:20 [INFO]执行包含断言
[2022-11-15 17:46:52,715] logger_utils.py->print_log line:20 [INFO]执行状态码断言
[2022-11-15 17:46:52,715] logger_utils.py->print_log line:20 [INFO]rsa加密接口业务断言成功
[2022-11-15 17:46:52,715] logger_utils.py->print_log line:20 [INFO]----------------rsa加密接口接口测试结束----------------

[2022-11-15 17:46:52,722] logger_utils.py->print_log line:20 [INFO]----------------sign接口接口测试开始----------------
[2022-11-15 17:46:52,722] logger_utils.py->print_log line:20 [INFO]请求方式：post
[2022-11-15 17:46:52,723] logger_utils.py->print_log line:20 [INFO]请求地址：http://47.107.116.139/phpwind/?b=2&c=3
[2022-11-15 17:46:52,724] logger_utils.py->print_log line:20 [INFO]请求headers参数：{'sign': '3F01163CDE3AD08F38D6486A9121BD9A'}
[2022-11-15 17:46:52,724] logger_utils.py->print_log line:20 [INFO]请求params参数：{'a': 1}
[2022-11-15 17:46:52,725] logger_utils.py->print_log line:20 [INFO]请求data参数：{'username': 'admin', 'password': 123}
[2022-11-15 17:46:52,878] logger_utils.py->print_log line:20 [INFO]响应不是json数据格式
[2022-11-15 17:46:52,879] logger_utils.py->print_log line:20 [INFO]预期结果：None
[2022-11-15 17:46:52,879] logger_utils.py->print_log line:20 [INFO]实际结果：,status_code:404
[2022-11-15 17:46:52,879] logger_utils.py->print_log line:20 [INFO]无断言参数，未执行断言
[2022-11-15 17:46:52,879] logger_utils.py->print_log line:20 [INFO]----------------sign接口接口测试结束----------------

