[2022-11-14 01:05:50,479] logger_utils.py->print_log line:20 [INFO]----------------获取鉴权码-正例接口测试开始----------------
[2022-11-14 01:05:50,479] logger_utils.py->print_log line:20 [INFO]请求方式：get
[2022-11-14 01:05:50,480] logger_utils.py->print_log line:20 [INFO]请求地址：https://api.weixin.qq.com/cgi-bin/token
[2022-11-14 01:05:50,481] logger_utils.py->print_log line:20 [INFO]请求params参数：{'grant_type': 'client_credential', 'appid': 'wxf393fadf3268a5d5', 'secret': 'e9a29dfa3920020ebee3675bcc9c2cf8'}
[2022-11-14 01:05:50,785] logger_utils.py->print_log line:20 [INFO]预期结果：[{'codes': {'status_code': 200}}, {'contains': 'access_token'}]
[2022-11-14 01:05:50,786] logger_utils.py->print_log line:20 [INFO]实际结果：{'access_token': '62_4JvRFy0EsDIm9cksOnemldRlENSQC7kXNBRnDhLu3xGIp4I3R2GqjnTVdh6seE7Stsa58Q0_3GEr_GjlhTSEVfEK5QJe9dzpgdi5Tb-WhelAYZIz-3Q5zKAmx3oEBBfABAXUU', 'expires_in': 7200},status_code:200
[2022-11-14 01:05:50,786] logger_utils.py->print_log line:20 [INFO]状态码断言
[2022-11-14 01:05:50,786] logger_utils.py->print_log line:20 [INFO]包含断言
[2022-11-14 01:05:50,786] logger_utils.py->print_log line:20 [INFO]获取鉴权码-正例业务断言成功
[2022-11-14 01:05:50,786] logger_utils.py->print_log line:20 [INFO]----------------获取鉴权码-正例接口测试结束----------------

[2022-11-14 01:05:50,793] logger_utils.py->print_log line:20 [INFO]----------------获取鉴权码-appid为空接口测试开始----------------
[2022-11-14 01:05:50,794] logger_utils.py->print_log line:20 [INFO]请求方式：get
[2022-11-14 01:05:50,794] logger_utils.py->print_log line:20 [INFO]请求地址：https://api.weixin.qq.com/cgi-bin/token
[2022-11-14 01:05:50,795] logger_utils.py->print_log line:20 [INFO]请求params参数：{'grant_type': 'client_credential', 'appid': '', 'secret': 'e9a29dfa3920020ebee3675bcc9c2cf8'}
[2022-11-14 01:05:50,838] logger_utils.py->print_log line:20 [INFO]正则表达式"access_token":"(.*?)"可能有误，或者(反例)接口请求失败，未提取到中间变量
[2022-11-14 01:05:50,838] logger_utils.py->print_log line:20 [INFO]jsonpath表达式$..expires_in可能有误，或者(反例)接口请求失败，未提取到中间变量
[2022-11-14 01:05:50,838] logger_utils.py->print_log line:20 [INFO]预期结果：[{'codes': {'status_code': 200}}, {'contains': '41002'}]
[2022-11-14 01:05:50,839] logger_utils.py->print_log line:20 [INFO]实际结果：{'errcode': 41002, 'errmsg': 'appid missing rid: 637123ed-49b01311-75037f71'},status_code:200
[2022-11-14 01:05:50,839] logger_utils.py->print_log line:20 [INFO]状态码断言
[2022-11-14 01:05:50,839] logger_utils.py->print_log line:20 [INFO]包含断言
[2022-11-14 01:05:50,839] logger_utils.py->print_log line:20 [INFO]获取鉴权码-appid为空业务断言成功
[2022-11-14 01:05:50,839] logger_utils.py->print_log line:20 [INFO]----------------获取鉴权码-appid为空接口测试结束----------------

[2022-11-14 01:05:50,845] logger_utils.py->print_log line:20 [INFO]----------------获取鉴权码-secret为空接口测试开始----------------
[2022-11-14 01:05:50,845] logger_utils.py->print_log line:20 [INFO]请求方式：get
[2022-11-14 01:05:50,846] logger_utils.py->print_log line:20 [INFO]请求地址：https://api.weixin.qq.com/cgi-bin/token
[2022-11-14 01:05:50,846] logger_utils.py->print_log line:20 [INFO]请求params参数：{'grant_type': 'client_credential', 'appid': 'wxf393fadf3268a5d5', 'secret': ''}
[2022-11-14 01:05:50,918] logger_utils.py->print_log line:20 [INFO]正则表达式"access_token":"(.*?)"可能有误，或者(反例)接口请求失败，未提取到中间变量
[2022-11-14 01:05:50,918] logger_utils.py->print_log line:20 [INFO]jsonpath表达式$..expires_in可能有误，或者(反例)接口请求失败，未提取到中间变量
[2022-11-14 01:05:50,918] logger_utils.py->print_log line:20 [INFO]预期结果：[{'codes': {'status_code': 200}}, {'contains': '41004'}]
[2022-11-14 01:05:50,918] logger_utils.py->print_log line:20 [INFO]实际结果：{'errcode': 41004, 'errmsg': 'appsecret missing rid: 637123ee-55a61ba7-21bee5e1'},status_code:200
[2022-11-14 01:05:50,918] logger_utils.py->print_log line:20 [INFO]状态码断言
[2022-11-14 01:05:50,918] logger_utils.py->print_log line:20 [INFO]包含断言
[2022-11-14 01:05:50,919] logger_utils.py->print_log line:20 [INFO]获取鉴权码-secret为空业务断言成功
[2022-11-14 01:05:50,919] logger_utils.py->print_log line:20 [INFO]----------------获取鉴权码-secret为空接口测试结束----------------

