[2022-11-15 17:48:24,624] logger_utils.py->print_log line:20 [INFO]----------------获取鉴权码-正例接口测试开始----------------
[2022-11-15 17:48:24,624] logger_utils.py->print_log line:20 [INFO]请求方式：get
[2022-11-15 17:48:24,625] logger_utils.py->print_log line:20 [INFO]请求地址：https://api.weixin.qq.com/cgi-bin/token
[2022-11-15 17:48:24,626] logger_utils.py->print_log line:20 [INFO]请求params参数：{'grant_type': 'client_credential', 'appid': 'wx522952477b8bda67', 'secret': 'fc3d0e7c0d53005751b795f57f743554'}
[2022-11-15 17:48:24,929] logger_utils.py->print_log line:20 [INFO]预期结果：[{'codes': {'status_code': 200}}, {'contains': 'access_token'}]
[2022-11-15 17:48:24,930] logger_utils.py->print_log line:20 [INFO]实际结果：{'access_token': '62_mDI-GrZxL2bHEMfgnvjuBi9cOwHBjU1LlRvwmGWSJso9IXaSUBPigtmvOv6RfHAft694tIfV7ksyrmAWgubNwpIV2H8XoMP6V9B9ReoHMHdeW77jBFzDTGxtW_8OBXfAHAFSO', 'expires_in': 7200},status_code:200
[2022-11-15 17:48:24,930] logger_utils.py->print_log line:20 [INFO]执行状态码断言
[2022-11-15 17:48:24,930] logger_utils.py->print_log line:20 [INFO]执行包含断言
[2022-11-15 17:48:24,930] logger_utils.py->print_log line:20 [INFO]获取鉴权码-正例业务断言成功
[2022-11-15 17:48:24,930] logger_utils.py->print_log line:20 [INFO]----------------获取鉴权码-正例接口测试结束----------------

[2022-11-15 17:48:24,937] logger_utils.py->print_log line:20 [INFO]----------------获取鉴权码-appid为空接口测试开始----------------
[2022-11-15 17:48:24,937] logger_utils.py->print_log line:20 [INFO]请求方式：get
[2022-11-15 17:48:24,938] logger_utils.py->print_log line:20 [INFO]请求地址：https://api.weixin.qq.com/cgi-bin/token
[2022-11-15 17:48:24,939] logger_utils.py->print_log line:20 [INFO]请求params参数：{'grant_type': 'client_credential', 'appid': '', 'secret': 'e9a29dfa3920020ebee3675bcc9c2cf8'}
[2022-11-15 17:48:24,984] logger_utils.py->print_log line:20 [INFO]正则表达式"access_token":"(.*?)"可能有误，或者(反例)接口请求失败，未提取到中间变量
[2022-11-15 17:48:24,984] logger_utils.py->print_log line:20 [INFO]jsonpath表达式$..expires_in可能有误，或者(反例)接口请求失败，未提取到中间变量
[2022-11-15 17:48:24,984] logger_utils.py->print_log line:20 [INFO]预期结果：[{'codes': {'status_code': 200}}, {'contains': '41002'}]
[2022-11-15 17:48:24,984] logger_utils.py->print_log line:20 [INFO]实际结果：{'errcode': 41002, 'errmsg': 'appid missing rid: 63736068-30ab34e0-6357d462'},status_code:200
[2022-11-15 17:48:24,984] logger_utils.py->print_log line:20 [INFO]执行状态码断言
[2022-11-15 17:48:24,984] logger_utils.py->print_log line:20 [INFO]执行包含断言
[2022-11-15 17:48:24,984] logger_utils.py->print_log line:20 [INFO]获取鉴权码-appid为空业务断言成功
[2022-11-15 17:48:24,984] logger_utils.py->print_log line:20 [INFO]----------------获取鉴权码-appid为空接口测试结束----------------

[2022-11-15 17:48:24,991] logger_utils.py->print_log line:20 [INFO]----------------获取鉴权码-secret为空接口测试开始----------------
[2022-11-15 17:48:24,992] logger_utils.py->print_log line:20 [INFO]请求方式：get
[2022-11-15 17:48:24,992] logger_utils.py->print_log line:20 [INFO]请求地址：https://api.weixin.qq.com/cgi-bin/token
[2022-11-15 17:48:24,993] logger_utils.py->print_log line:20 [INFO]请求params参数：{'grant_type': 'client_credential', 'appid': 'wxf393fadf3268a5d5', 'secret': ''}
[2022-11-15 17:48:25,076] logger_utils.py->print_log line:20 [INFO]正则表达式"access_token":"(.*?)"可能有误，或者(反例)接口请求失败，未提取到中间变量
[2022-11-15 17:48:25,076] logger_utils.py->print_log line:20 [INFO]jsonpath表达式$..expires_in可能有误，或者(反例)接口请求失败，未提取到中间变量
[2022-11-15 17:48:25,076] logger_utils.py->print_log line:20 [INFO]预期结果：[{'codes': {'status_code': 200}}, {'contains': '41004'}]
[2022-11-15 17:48:25,077] logger_utils.py->print_log line:20 [INFO]实际结果：{'errcode': 41004, 'errmsg': 'appsecret missing rid: 63736068-30c54815-30799f76'},status_code:200
[2022-11-15 17:48:25,077] logger_utils.py->print_log line:20 [INFO]执行状态码断言
[2022-11-15 17:48:25,077] logger_utils.py->print_log line:20 [INFO]执行包含断言
[2022-11-15 17:48:25,077] logger_utils.py->print_log line:20 [INFO]获取鉴权码-secret为空业务断言成功
[2022-11-15 17:48:25,077] logger_utils.py->print_log line:20 [INFO]----------------获取鉴权码-secret为空接口测试结束----------------

[2022-11-15 17:48:25,085] logger_utils.py->print_log line:20 [INFO]----------------选择标签-正例接口测试开始----------------
[2022-11-15 17:48:25,085] logger_utils.py->print_log line:20 [INFO]params参数不存在，请注意
[2022-11-15 17:48:25,086] logger_utils.py->print_log line:20 [INFO]请求方式：get
[2022-11-15 17:48:25,087] logger_utils.py->print_log line:20 [INFO]请求地址：https://api.weixin.qq.com/cgi-bin/tags/get?access_token=62_mDI-GrZxL2bHEMfgnvjuBi9cOwHBjU1LlRvwmGWSJso9IXaSUBPigtmvOv6RfHAft694tIfV7ksyrmAWgubNwpIV2H8XoMP6V9B9ReoHMHdeW77jBFzDTGxtW_8OBXfAHAFSO
[2022-11-15 17:48:25,194] logger_utils.py->print_log line:20 [INFO]预期结果：[{'contains': 'tags'}, {'codes': {'status_code': 200}}]
[2022-11-15 17:48:25,194] logger_utils.py->print_log line:20 [INFO]实际结果：{'tags': [{'id': 2, 'name': '星标组', 'count': 0}]},status_code:200
[2022-11-15 17:48:25,194] logger_utils.py->print_log line:20 [INFO]执行包含断言
[2022-11-15 17:48:25,194] logger_utils.py->print_log line:20 [INFO]执行状态码断言
[2022-11-15 17:48:25,194] logger_utils.py->print_log line:20 [INFO]选择标签-正例业务断言成功
[2022-11-15 17:48:25,195] logger_utils.py->print_log line:20 [INFO]----------------选择标签-正例接口测试结束----------------

[2022-11-15 17:48:25,202] logger_utils.py->print_log line:20 [INFO]----------------删除标签接口测试开始----------------
[2022-11-15 17:48:25,202] logger_utils.py->print_log line:20 [INFO]请求方式：post
[2022-11-15 17:48:25,203] logger_utils.py->print_log line:20 [INFO]请求地址：https://api.weixin.qq.com/cgi-bin/tags/delete
[2022-11-15 17:48:25,204] logger_utils.py->print_log line:20 [INFO]请求params参数：{'access_token': '62_mDI-GrZxL2bHEMfgnvjuBi9cOwHBjU1LlRvwmGWSJso9IXaSUBPigtmvOv6RfHAft694tIfV7ksyrmAWgubNwpIV2H8XoMP6V9B9ReoHMHdeW77jBFzDTGxtW_8OBXfAHAFSO'}
[2022-11-15 17:48:25,204] logger_utils.py->print_log line:20 [INFO]请求json参数：{'tag': {'id': 134}}
[2022-11-15 17:48:26,416] logger_utils.py->print_log line:20 [INFO]预期结果：[{'equals': {'errcode': 0}}, {'codes': {'status_code': 200}}]
[2022-11-15 17:48:26,417] logger_utils.py->print_log line:20 [INFO]实际结果：{'errcode': 0, 'errmsg': 'ok'},status_code:200
[2022-11-15 17:48:26,417] logger_utils.py->print_log line:20 [INFO]执行相等断言
[2022-11-15 17:48:26,417] logger_utils.py->print_log line:20 [INFO]执行状态码断言
[2022-11-15 17:48:26,417] logger_utils.py->print_log line:20 [INFO]删除标签业务断言成功
[2022-11-15 17:48:26,417] logger_utils.py->print_log line:20 [INFO]----------------删除标签接口测试结束----------------

[2022-11-15 17:48:26,424] logger_utils.py->print_log line:20 [INFO]----------------文件上传-正例 接口测试开始----------------
[2022-11-15 17:48:26,424] logger_utils.py->print_log line:20 [INFO]headers没有value,请确认
[2022-11-15 17:48:26,424] logger_utils.py->print_log line:20 [INFO]json没有value,请确认
[2022-11-15 17:48:26,425] logger_utils.py->print_log line:20 [INFO]请求方式：post
[2022-11-15 17:48:26,425] logger_utils.py->print_log line:20 [INFO]请求地址：https://api.weixin.qq.com/cgi-bin/media/uploadimg
[2022-11-15 17:48:26,426] logger_utils.py->print_log line:20 [INFO]headers未填充，或者(反例)设计为空
[2022-11-15 17:48:26,426] logger_utils.py->print_log line:20 [INFO]请求params参数：{'access_token': '62_mDI-GrZxL2bHEMfgnvjuBi9cOwHBjU1LlRvwmGWSJso9IXaSUBPigtmvOv6RfHAft694tIfV7ksyrmAWgubNwpIV2H8XoMP6V9B9ReoHMHdeW77jBFzDTGxtW_8OBXfAHAFSO'}
[2022-11-15 17:48:26,426] logger_utils.py->print_log line:20 [INFO]json未填充，或者(反例)设计为空
[2022-11-15 17:48:26,751] logger_utils.py->print_log line:20 [INFO]预期结果：[{'contains': 'url'}]
[2022-11-15 17:48:26,751] logger_utils.py->print_log line:20 [INFO]实际结果：{'url': 'http://mmbiz.qpic.cn/mmbiz_jpg/RPj532nFvaCHYgaUaIBNGL0FJNYmx5kBpKdOc1lFcSeeVlLs2icia9zyUM8ibPxoe2ib5CNm9utmP7Gmj4dQ6ebmtg/0'},status_code:200
[2022-11-15 17:48:26,751] logger_utils.py->print_log line:20 [INFO]执行包含断言
[2022-11-15 17:48:26,751] logger_utils.py->print_log line:20 [INFO]文件上传-正例 业务断言成功
[2022-11-15 17:48:26,752] logger_utils.py->print_log line:20 [INFO]----------------文件上传-正例 接口测试结束----------------

[2022-11-15 17:48:26,759] logger_utils.py->print_log line:20 [INFO]----------------文件上传-请求方式错误 接口测试开始----------------
[2022-11-15 17:48:26,759] logger_utils.py->print_log line:20 [INFO]headers没有value,请确认
[2022-11-15 17:48:26,759] logger_utils.py->print_log line:20 [INFO]json没有value,请确认
[2022-11-15 17:48:26,759] logger_utils.py->print_log line:20 [INFO]请求方式：get
[2022-11-15 17:48:26,760] logger_utils.py->print_log line:20 [INFO]请求地址：https://api.weixin.qq.com/cgi-bin/media/uploadimg
[2022-11-15 17:48:26,760] logger_utils.py->print_log line:20 [INFO]headers未填充，或者(反例)设计为空
[2022-11-15 17:48:26,761] logger_utils.py->print_log line:20 [INFO]请求params参数：{'access_token': '62_mDI-GrZxL2bHEMfgnvjuBi9cOwHBjU1LlRvwmGWSJso9IXaSUBPigtmvOv6RfHAft694tIfV7ksyrmAWgubNwpIV2H8XoMP6V9B9ReoHMHdeW77jBFzDTGxtW_8OBXfAHAFSO'}
[2022-11-15 17:48:26,761] logger_utils.py->print_log line:20 [INFO]json未填充，或者(反例)设计为空
[2022-11-15 17:48:26,884] logger_utils.py->print_log line:20 [INFO]预期结果：[{'contains': '43002'}]
[2022-11-15 17:48:26,885] logger_utils.py->print_log line:20 [INFO]实际结果：{'errcode': 43002, 'errmsg': 'require POST method hint: [B6BCSa0706mp13] rid: 6373606a-23bd04a5-3801f24c'},status_code:200
[2022-11-15 17:48:26,885] logger_utils.py->print_log line:20 [INFO]执行包含断言
[2022-11-15 17:48:26,885] logger_utils.py->print_log line:20 [INFO]文件上传-请求方式错误 业务断言成功
[2022-11-15 17:48:26,885] logger_utils.py->print_log line:20 [INFO]----------------文件上传-请求方式错误 接口测试结束----------------

[2022-11-15 17:48:26,892] logger_utils.py->print_log line:20 [INFO]----------------md5加密接口接口测试开始----------------
[2022-11-15 17:48:26,892] logger_utils.py->print_log line:20 [INFO]params参数不存在，请注意
[2022-11-15 17:48:26,892] logger_utils.py->print_log line:20 [INFO]请求方式：post
[2022-11-15 17:48:26,892] logger_utils.py->print_log line:20 [INFO]请求地址：http://101.34.221.219:5000/md5login
[2022-11-15 17:48:26,892] logger_utils.py->print_log line:20 [INFO]请求data参数：{'username': '21232f297a57a5a743894a0e4a801fc3', 'password': '202cb962ac59075b964b07152d234b70'}
[2022-11-15 17:48:26,972] logger_utils.py->print_log line:20 [INFO]预期结果：[{'contains': 'MD5加密登陆成'}, {'codes': {'status_code': 200}}]
[2022-11-15 17:48:26,973] logger_utils.py->print_log line:20 [INFO]实际结果：{'error_code': 0, 'message': 'MD5加密登陆成功！'},status_code:200
[2022-11-15 17:48:26,973] logger_utils.py->print_log line:20 [INFO]执行包含断言
[2022-11-15 17:48:26,973] logger_utils.py->print_log line:20 [INFO]执行状态码断言
[2022-11-15 17:48:26,973] logger_utils.py->print_log line:20 [INFO]md5加密接口业务断言成功
[2022-11-15 17:48:26,973] logger_utils.py->print_log line:20 [INFO]----------------md5加密接口接口测试结束----------------

[2022-11-15 17:48:26,981] logger_utils.py->print_log line:20 [INFO]----------------base64加密接口接口测试开始----------------
[2022-11-15 17:48:26,981] logger_utils.py->print_log line:20 [INFO]params参数不存在，请注意
[2022-11-15 17:48:26,981] logger_utils.py->print_log line:20 [INFO]请求方式：post
[2022-11-15 17:48:26,982] logger_utils.py->print_log line:20 [INFO]请求地址：http://101.34.221.219:5000/base64login
[2022-11-15 17:48:26,982] logger_utils.py->print_log line:20 [INFO]请求data参数：{'username': 'YWRtaW4=', 'password': 'MTIz'}
[2022-11-15 17:48:27,057] logger_utils.py->print_log line:20 [INFO]预期结果：[{'contains': 'Base64加密登陆成功'}, {'codes': {'status_code': 200}}]
[2022-11-15 17:48:27,057] logger_utils.py->print_log line:20 [INFO]实际结果：{'error_code': 0, 'message': 'Base64加密登陆成功！'},status_code:200
[2022-11-15 17:48:27,057] logger_utils.py->print_log line:20 [INFO]执行包含断言
[2022-11-15 17:48:27,057] logger_utils.py->print_log line:20 [INFO]执行状态码断言
[2022-11-15 17:48:27,057] logger_utils.py->print_log line:20 [INFO]base64加密接口业务断言成功
[2022-11-15 17:48:27,057] logger_utils.py->print_log line:20 [INFO]----------------base64加密接口接口测试结束----------------

[2022-11-15 17:48:27,065] logger_utils.py->print_log line:20 [INFO]----------------rsa加密接口接口测试开始----------------
[2022-11-15 17:48:27,065] logger_utils.py->print_log line:20 [INFO]params参数不存在，请注意
[2022-11-15 17:48:27,066] logger_utils.py->print_log line:20 [INFO]请求方式：post
[2022-11-15 17:48:27,066] logger_utils.py->print_log line:20 [INFO]请求地址：http://101.34.221.219:5000/rsalogin
[2022-11-15 17:48:27,088] logger_utils.py->print_log line:20 [INFO]请求data参数：{'username': 'ikWq1KTj8+Ku/InT1usHIjQ1vLSMdClAXoUt/rKb/DFqCDQt6WYp/pE13Ws/vjjJuNoq6Ngx/HKhFoI2rZkZyCdEZzQgM4SqjJfwETQDW5lbezPlyaAcWjpgxpVk0ip1r7oMzBtiK+1B0KvIkCaX1tL4BM6xmESX2aOTTkYxqXY=', 'password': 'Mn9scR94i15jeCZCko87Rt5oOv6LQu5cybEWgBRofrMJvDJp1VmcdLcMjU+ACfQ5GGyXUMzmh3aCCkYZBhERDw8fJojbRu4962gT025+2IOOcgYShQvoKYbFNe+1zGgd7jEonZ8eeZRZRZ+9tYKE5Q/Y+JgucHifGwA+WA8VrMI='}
[2022-11-15 17:48:27,167] logger_utils.py->print_log line:20 [INFO]预期结果：[{'contains': 'RSA加密登陆成功'}, {'codes': {'status_code': 200}}]
[2022-11-15 17:48:27,167] logger_utils.py->print_log line:20 [INFO]实际结果：{'error_code': 0, 'message': 'RSA加密登陆成功！'},status_code:200
[2022-11-15 17:48:27,168] logger_utils.py->print_log line:20 [INFO]执行包含断言
[2022-11-15 17:48:27,168] logger_utils.py->print_log line:20 [INFO]执行状态码断言
[2022-11-15 17:48:27,168] logger_utils.py->print_log line:20 [INFO]rsa加密接口业务断言成功
[2022-11-15 17:48:27,168] logger_utils.py->print_log line:20 [INFO]----------------rsa加密接口接口测试结束----------------

[2022-11-15 17:48:27,173] logger_utils.py->print_log line:20 [INFO]----------------sign接口接口测试开始----------------
[2022-11-15 17:48:27,173] logger_utils.py->print_log line:20 [INFO]请求方式：post
[2022-11-15 17:48:27,174] logger_utils.py->print_log line:20 [INFO]请求地址：http://47.107.116.139/phpwind/?b=2&c=3
[2022-11-15 17:48:27,175] logger_utils.py->print_log line:20 [INFO]请求headers参数：{'sign': '9829B8B178D4510EBEC409A6BE68A624'}
[2022-11-15 17:48:27,175] logger_utils.py->print_log line:20 [INFO]请求params参数：{'a': 1}
[2022-11-15 17:48:27,175] logger_utils.py->print_log line:20 [INFO]请求data参数：{'username': 'admin', 'password': 123}
[2022-11-15 17:48:27,305] logger_utils.py->print_log line:20 [INFO]响应不是json数据格式
[2022-11-15 17:48:27,305] logger_utils.py->print_log line:20 [INFO]预期结果：None
[2022-11-15 17:48:27,306] logger_utils.py->print_log line:20 [INFO]实际结果：,status_code:404
[2022-11-15 17:48:27,306] logger_utils.py->print_log line:20 [INFO]无断言参数，未执行断言
[2022-11-15 17:48:27,306] logger_utils.py->print_log line:20 [INFO]----------------sign接口接口测试结束----------------

