[2022-11-14 02:07:42,327] logger_utils.py->print_log line:20 [INFO]----------------获取鉴权码-正例接口测试开始----------------
[2022-11-14 02:07:42,327] logger_utils.py->print_log line:20 [INFO]请求方式：None
[2022-11-14 02:07:42,328] logger_utils.py->print_log line:20 [INFO]请求地址：https://api.weixin.qq.com/cgi-bin/token
[2022-11-14 02:07:42,328] logger_utils.py->print_log line:20 [INFO]请求params参数：{'grant_type': 'client_credential', 'appid': 'wxf393fadf3268a5d5', 'secret': 'e9a29dfa3920020ebee3675bcc9c2cf8'}
[2022-11-14 02:07:42,630] logger_utils.py->print_log line:20 [INFO]预期结果：[{'codes': {'status_code': 200}}, {'contains': 'access_token'}]
[2022-11-14 02:07:42,631] logger_utils.py->print_log line:20 [INFO]实际结果：{'access_token': '62_1MMVgfFIjTSyPfyeezbPOroLiygZHYoGDuzfozsM9dkDe48ALXzmWrss3OXmN_kGl5szrgCE3nE98dOYpoiE9nGV6Lz0xduF0fyP4pJLIXRSNxRc7xyU7agfWD0VPOeACAICB', 'expires_in': 7200},status_code:200
[2022-11-14 02:07:42,631] logger_utils.py->print_log line:20 [INFO]状态码断言
[2022-11-14 02:07:42,631] logger_utils.py->print_log line:20 [INFO]包含断言
[2022-11-14 02:07:42,631] logger_utils.py->print_log line:20 [INFO]获取鉴权码-正例业务断言成功
[2022-11-14 02:07:42,631] logger_utils.py->print_log line:20 [INFO]----------------获取鉴权码-正例接口测试结束----------------

[2022-11-14 02:07:42,638] logger_utils.py->print_log line:20 [INFO]----------------获取鉴权码-appid为空接口测试开始----------------
[2022-11-14 02:07:42,638] logger_utils.py->print_log line:20 [INFO]请求方式：None
[2022-11-14 02:07:42,639] logger_utils.py->print_log line:20 [INFO]请求地址：https://api.weixin.qq.com/cgi-bin/token
[2022-11-14 02:07:42,639] logger_utils.py->print_log line:20 [INFO]请求params参数：{'grant_type': 'client_credential', 'appid': '', 'secret': 'e9a29dfa3920020ebee3675bcc9c2cf8'}
[2022-11-14 02:07:42,681] logger_utils.py->print_log line:20 [INFO]正则表达式"access_token":"(.*?)"可能有误，或者(反例)接口请求失败，未提取到中间变量
[2022-11-14 02:07:42,681] logger_utils.py->print_log line:20 [INFO]jsonpath表达式$..expires_in可能有误，或者(反例)接口请求失败，未提取到中间变量
[2022-11-14 02:07:42,682] logger_utils.py->print_log line:20 [INFO]预期结果：[{'codes': {'status_code': 200}}, {'contains': '41002'}]
[2022-11-14 02:07:42,682] logger_utils.py->print_log line:20 [INFO]实际结果：{'errcode': 41002, 'errmsg': 'appid missing rid: 6371326d-665d6a66-3a578764'},status_code:200
[2022-11-14 02:07:42,682] logger_utils.py->print_log line:20 [INFO]状态码断言
[2022-11-14 02:07:42,682] logger_utils.py->print_log line:20 [INFO]包含断言
[2022-11-14 02:07:42,682] logger_utils.py->print_log line:20 [INFO]获取鉴权码-appid为空业务断言成功
[2022-11-14 02:07:42,682] logger_utils.py->print_log line:20 [INFO]----------------获取鉴权码-appid为空接口测试结束----------------

[2022-11-14 02:07:42,689] logger_utils.py->print_log line:20 [INFO]----------------获取鉴权码-secret为空接口测试开始----------------
[2022-11-14 02:07:42,689] logger_utils.py->print_log line:20 [INFO]请求方式：None
[2022-11-14 02:07:42,690] logger_utils.py->print_log line:20 [INFO]请求地址：https://api.weixin.qq.com/cgi-bin/token
[2022-11-14 02:07:42,690] logger_utils.py->print_log line:20 [INFO]请求params参数：{'grant_type': 'client_credential', 'appid': 'wxf393fadf3268a5d5', 'secret': ''}
[2022-11-14 02:07:42,755] logger_utils.py->print_log line:20 [INFO]正则表达式"access_token":"(.*?)"可能有误，或者(反例)接口请求失败，未提取到中间变量
[2022-11-14 02:07:42,755] logger_utils.py->print_log line:20 [INFO]jsonpath表达式$..expires_in可能有误，或者(反例)接口请求失败，未提取到中间变量
[2022-11-14 02:07:42,755] logger_utils.py->print_log line:20 [INFO]预期结果：[{'codes': {'status_code': 200}}, {'contains': '41004'}]
[2022-11-14 02:07:42,755] logger_utils.py->print_log line:20 [INFO]实际结果：{'errcode': 41004, 'errmsg': 'appsecret missing rid: 6371326d-274583c3-13eb14b3'},status_code:200
[2022-11-14 02:07:42,756] logger_utils.py->print_log line:20 [INFO]状态码断言
[2022-11-14 02:07:42,756] logger_utils.py->print_log line:20 [INFO]包含断言
[2022-11-14 02:07:42,756] logger_utils.py->print_log line:20 [INFO]获取鉴权码-secret为空业务断言成功
[2022-11-14 02:07:42,756] logger_utils.py->print_log line:20 [INFO]----------------获取鉴权码-secret为空接口测试结束----------------

