[2022-11-14 13:04:31,353] logger_utils.py->print_log line:20 [INFO]----------------获取鉴权码-正例接口测试开始----------------
[2022-11-14 13:04:31,353] logger_utils.py->print_log line:20 [INFO]请求方式：get
[2022-11-14 13:04:31,354] logger_utils.py->print_log line:20 [INFO]请求地址：https://api.weixin.qq.com/cgi-bin/token
[2022-11-14 13:04:31,355] logger_utils.py->print_log line:20 [INFO]请求params参数：{'grant_type': 'client_credential', 'appid': 'wxf393fadf3268a5d5', 'secret': 'e9a29dfa3920020ebee3675bcc9c2cf8'}
[2022-11-14 13:04:31,630] logger_utils.py->print_log line:20 [INFO]extract配置参数为空，请检查
[2022-11-14 13:04:31,631] logger_utils.py->print_log line:20 [INFO]预期结果：[{'codes': {'status_code': 200}}, {'contains': 'access_token'}]
[2022-11-14 13:04:31,631] logger_utils.py->print_log line:20 [INFO]实际结果：{'access_token': '62_K3IgNWQc0Omy-8u8tT3CEsnKD2hWIALWG93EM11dhFa4QKZhuqot3glcep9Z7tuGo3JlHxQOPI0_8Fov_GOLsDUFkEORUV0jrwDvPdr0qKBC_4LtqDF7GepkQuUJOFiAEAFKB', 'expires_in': 7200},status_code:200
[2022-11-14 13:04:31,632] logger_utils.py->print_log line:20 [INFO]状态码断言
[2022-11-14 13:04:31,632] logger_utils.py->print_log line:20 [INFO]包含断言
[2022-11-14 13:04:31,632] logger_utils.py->print_log line:20 [INFO]获取鉴权码-正例业务断言成功
[2022-11-14 13:04:31,632] logger_utils.py->print_log line:20 [INFO]----------------获取鉴权码-正例接口测试结束----------------

[2022-11-14 13:04:31,640] logger_utils.py->print_log line:20 [INFO]----------------获取鉴权码-appid为空接口测试开始----------------
[2022-11-14 13:04:31,640] logger_utils.py->print_log line:20 [INFO]请求方式：get
[2022-11-14 13:04:31,641] logger_utils.py->print_log line:20 [INFO]请求地址：https://api.weixin.qq.com/cgi-bin/token
[2022-11-14 13:04:31,641] logger_utils.py->print_log line:20 [INFO]请求params参数：{'grant_type': 'client_credential', 'appid': '', 'secret': 'e9a29dfa3920020ebee3675bcc9c2cf8'}
[2022-11-14 13:04:31,680] logger_utils.py->print_log line:20 [INFO]extract配置参数为空，请检查
[2022-11-14 13:04:31,680] logger_utils.py->print_log line:20 [INFO]预期结果：[{'codes': {'status_code': 200}}, {'contains': '41002'}]
[2022-11-14 13:04:31,680] logger_utils.py->print_log line:20 [INFO]实际结果：{'errcode': 41002, 'errmsg': 'appid missing rid: 6371cc5e-00acf1a1-35f3cdbf'},status_code:200
[2022-11-14 13:04:31,680] logger_utils.py->print_log line:20 [INFO]状态码断言
[2022-11-14 13:04:31,680] logger_utils.py->print_log line:20 [INFO]包含断言
[2022-11-14 13:04:31,680] logger_utils.py->print_log line:20 [INFO]获取鉴权码-appid为空业务断言成功
[2022-11-14 13:04:31,681] logger_utils.py->print_log line:20 [INFO]----------------获取鉴权码-appid为空接口测试结束----------------

[2022-11-14 13:04:31,688] logger_utils.py->print_log line:20 [INFO]----------------获取鉴权码-secret为空接口测试开始----------------
[2022-11-14 13:04:31,689] logger_utils.py->print_log line:20 [INFO]请求方式：get
[2022-11-14 13:04:31,690] logger_utils.py->print_log line:20 [INFO]请求地址：https://api.weixin.qq.com/cgi-bin/token
[2022-11-14 13:04:31,690] logger_utils.py->print_log line:20 [INFO]请求params参数：{'grant_type': 'client_credential', 'appid': 'wxf393fadf3268a5d5', 'secret': ''}
[2022-11-14 13:04:31,751] logger_utils.py->print_log line:20 [INFO]extract配置参数为空，请检查
[2022-11-14 13:04:31,751] logger_utils.py->print_log line:20 [INFO]预期结果：[{'codes': {'status_code': 200}}, {'contains': '41004'}]
[2022-11-14 13:04:31,753] logger_utils.py->print_log line:20 [INFO]实际结果：{'errcode': 41004, 'errmsg': 'appsecret missing rid: 6371cc5f-06f4ec05-18c5e43b'},status_code:200
[2022-11-14 13:04:31,753] logger_utils.py->print_log line:20 [INFO]状态码断言
[2022-11-14 13:04:31,753] logger_utils.py->print_log line:20 [INFO]包含断言
[2022-11-14 13:04:31,753] logger_utils.py->print_log line:20 [INFO]获取鉴权码-secret为空业务断言成功
[2022-11-14 13:04:31,753] logger_utils.py->print_log line:20 [INFO]----------------获取鉴权码-secret为空接口测试结束----------------

