[2022-11-13 22:53:36,460] logger_utils.py->print_log line:20 [INFO]----------------获取鉴权码-正例接口测试开始----------------
[2022-11-13 22:53:36,460] logger_utils.py->print_log line:20 [INFO]请求方式：None
[2022-11-13 22:53:36,461] logger_utils.py->print_log line:20 [INFO]请求地址：https://api.weixin.qq.com/cgi-bin/token
[2022-11-13 22:53:36,462] logger_utils.py->print_log line:20 [INFO]请求params参数：{'grant_type': 'client_credential', 'appid': 'wxf393fadf3268a5d5', 'secret': 'e9a29dfa3920020ebee3675bcc9c2cf8'}
[2022-11-13 22:53:36,753] logger_utils.py->print_log line:20 [INFO]预期结果：[{'codes': {'status_code': 200}}, {'contains': 'access_token'}]
[2022-11-13 22:53:36,754] logger_utils.py->print_log line:20 [INFO]实际结果：{'access_token': '62_w4BBlBhB2tjJClP_7jE0fjrq1LcRIDfirEYr8OlxyOr2AyTLJFyjUlnlsgDERGdl6A9IoWiZnRpLvKRsln39NYQ2C1azcGu3Qrg_HxDV2RcycSFEseZqDhfkLNILDCeAFAGYX', 'expires_in': 7200},status_code:200
[2022-11-13 22:53:36,754] logger_utils.py->print_log line:20 [INFO]状态码断言
[2022-11-13 22:53:36,755] logger_utils.py->print_log line:20 [INFO]包含断言
[2022-11-13 22:53:36,755] logger_utils.py->print_log line:20 [INFO]获取鉴权码-正例业务断言成功
[2022-11-13 22:53:36,755] logger_utils.py->print_log line:20 [INFO]----------------获取鉴权码-正例接口测试结束----------------

[2022-11-13 22:53:36,760] logger_utils.py->print_log line:20 [INFO]----------------获取鉴权码-appid为空接口测试开始----------------
[2022-11-13 22:53:36,760] logger_utils.py->print_log line:20 [INFO]请求方式：None
[2022-11-13 22:53:36,761] logger_utils.py->print_log line:20 [INFO]请求地址：https://api.weixin.qq.com/cgi-bin/token
[2022-11-13 22:53:36,761] logger_utils.py->print_log line:20 [INFO]请求params参数：{'grant_type': 'client_credential', 'appid': '', 'secret': 'e9a29dfa3920020ebee3675bcc9c2cf8'}
[2022-11-13 22:53:36,807] logger_utils.py->print_log line:20 [INFO]正则表达式"access_token":"(.*?)"可能有误，或者(反例)接口请求失败，未提取到中间变量
[2022-11-13 22:53:36,807] logger_utils.py->print_log line:20 [INFO]jsonpath表达式$..expires_in可能有误，或者(反例)接口请求失败，未提取到中间变量
[2022-11-13 22:53:36,808] logger_utils.py->print_log line:20 [INFO]预期结果：[{'codes': {'status_code': 200}}, {'contains': '41002'}]
[2022-11-13 22:53:36,808] logger_utils.py->print_log line:20 [INFO]实际结果：{'errcode': 41002, 'errmsg': 'appid missing rid: 637104f0-6ddca696-72728bfe'},status_code:200
[2022-11-13 22:53:36,808] logger_utils.py->print_log line:20 [INFO]状态码断言
[2022-11-13 22:53:36,808] logger_utils.py->print_log line:20 [INFO]包含断言
[2022-11-13 22:53:36,808] logger_utils.py->print_log line:20 [INFO]获取鉴权码-appid为空业务断言成功
[2022-11-13 22:53:36,808] logger_utils.py->print_log line:20 [INFO]----------------获取鉴权码-appid为空接口测试结束----------------

[2022-11-13 22:53:36,815] logger_utils.py->print_log line:20 [INFO]----------------获取鉴权码-secret为空接口测试开始----------------
[2022-11-13 22:53:36,815] logger_utils.py->print_log line:20 [INFO]请求方式：None
[2022-11-13 22:53:36,816] logger_utils.py->print_log line:20 [INFO]请求地址：https://api.weixin.qq.com/cgi-bin/token
[2022-11-13 22:53:36,816] logger_utils.py->print_log line:20 [INFO]请求params参数：{'grant_type': 'client_credential', 'appid': 'wxf393fadf3268a5d5', 'secret': ''}
[2022-11-13 22:53:36,886] logger_utils.py->print_log line:20 [INFO]正则表达式"access_token":"(.*?)"可能有误，或者(反例)接口请求失败，未提取到中间变量
[2022-11-13 22:53:36,886] logger_utils.py->print_log line:20 [INFO]jsonpath表达式$..expires_in可能有误，或者(反例)接口请求失败，未提取到中间变量
[2022-11-13 22:53:36,886] logger_utils.py->print_log line:20 [INFO]预期结果：[{'codes': {'status_code': 200}}, {'contains': '41004'}]
[2022-11-13 22:53:36,886] logger_utils.py->print_log line:20 [INFO]实际结果：{'errcode': 41004, 'errmsg': 'appsecret missing rid: 637104f0-294aba71-52112f74'},status_code:200
[2022-11-13 22:53:36,887] logger_utils.py->print_log line:20 [INFO]状态码断言
[2022-11-13 22:53:36,887] logger_utils.py->print_log line:20 [INFO]包含断言
[2022-11-13 22:53:36,887] logger_utils.py->print_log line:20 [INFO]获取鉴权码-secret为空业务断言成功
[2022-11-13 22:53:36,887] logger_utils.py->print_log line:20 [INFO]----------------获取鉴权码-secret为空接口测试结束----------------

