[2022-11-14 13:02:30,630] logger_utils.py->print_log line:20 [INFO]----------------获取鉴权码-正例接口测试开始----------------
[2022-11-14 13:02:30,630] logger_utils.py->print_log line:20 [INFO]请求方式：get
[2022-11-14 13:02:30,632] logger_utils.py->print_log line:20 [INFO]请求地址：https://api.weixin.qq.com/cgi-bin/token
[2022-11-14 13:02:30,632] logger_utils.py->print_log line:20 [INFO]请求params参数：{'grant_type': 'client_credential', 'appid': 'wxf393fadf3268a5d5', 'secret': 'e9a29dfa3920020ebee3675bcc9c2cf8'}
[2022-11-14 13:02:30,934] logger_utils.py->print_log line:20 [INFO]预期结果：[{'codes': {'status_code': 200}}, {'contains': 'access_token'}]
[2022-11-14 13:02:30,935] logger_utils.py->print_log line:20 [INFO]实际结果：{'access_token': '62_mdUoJVCiHzHFePpXAVHMBJssWu-fhO1bXkynIuu2vxApAUSPdKHPSbum8h6PNN8qxgjL1AaBkWOj_jpd9x3prVlCeNKh8oM_zIK4oyM-6Sw-PTh46N4QjXyeUgIGZUcAJATMH', 'expires_in': 7200},status_code:200
[2022-11-14 13:02:30,936] logger_utils.py->print_log line:20 [INFO]状态码断言
[2022-11-14 13:02:30,936] logger_utils.py->print_log line:20 [INFO]包含断言
[2022-11-14 13:02:30,936] logger_utils.py->print_log line:20 [INFO]获取鉴权码-正例业务断言成功
[2022-11-14 13:02:30,936] logger_utils.py->print_log line:20 [INFO]----------------获取鉴权码-正例接口测试结束----------------

[2022-11-14 13:02:30,943] logger_utils.py->print_log line:20 [INFO]----------------获取鉴权码-appid为空接口测试开始----------------
[2022-11-14 13:02:30,943] logger_utils.py->print_log line:20 [INFO]请求方式：get
[2022-11-14 13:02:30,944] logger_utils.py->print_log line:20 [INFO]请求地址：https://api.weixin.qq.com/cgi-bin/token
[2022-11-14 13:02:30,944] logger_utils.py->print_log line:20 [INFO]请求params参数：{'grant_type': 'client_credential', 'appid': '', 'secret': 'e9a29dfa3920020ebee3675bcc9c2cf8'}
[2022-11-14 13:02:30,998] logger_utils.py->print_log line:20 [INFO]正则表达式"access_token":"(.*?)"可能有误，或者(反例)接口请求失败，未提取到中间变量
[2022-11-14 13:02:30,998] logger_utils.py->print_log line:20 [INFO]jsonpath表达式$..expires_in可能有误，或者(反例)接口请求失败，未提取到中间变量
[2022-11-14 13:02:30,998] logger_utils.py->print_log line:20 [INFO]预期结果：[{'codes': {'status_code': 200}}, {'contains': '41002'}]
[2022-11-14 13:02:30,998] logger_utils.py->print_log line:20 [INFO]实际结果：{'errcode': 41002, 'errmsg': 'appid missing rid: 6371cbe6-5da76d29-2df322e8'},status_code:200
[2022-11-14 13:02:30,998] logger_utils.py->print_log line:20 [INFO]状态码断言
[2022-11-14 13:02:30,998] logger_utils.py->print_log line:20 [INFO]包含断言
[2022-11-14 13:02:30,998] logger_utils.py->print_log line:20 [INFO]获取鉴权码-appid为空业务断言成功
[2022-11-14 13:02:30,998] logger_utils.py->print_log line:20 [INFO]----------------获取鉴权码-appid为空接口测试结束----------------

[2022-11-14 13:02:31,006] logger_utils.py->print_log line:20 [INFO]----------------获取鉴权码-secret为空接口测试开始----------------
[2022-11-14 13:02:31,006] logger_utils.py->print_log line:20 [INFO]请求方式：get
[2022-11-14 13:02:31,007] logger_utils.py->print_log line:20 [INFO]请求地址：https://api.weixin.qq.com/cgi-bin/token
[2022-11-14 13:02:31,007] logger_utils.py->print_log line:20 [INFO]请求params参数：{'grant_type': 'client_credential', 'appid': 'wxf393fadf3268a5d5', 'secret': ''}
[2022-11-14 13:02:31,079] logger_utils.py->print_log line:20 [INFO]正则表达式"access_token":"(.*?)"可能有误，或者(反例)接口请求失败，未提取到中间变量
[2022-11-14 13:02:31,080] logger_utils.py->print_log line:20 [INFO]jsonpath表达式$..expires_in可能有误，或者(反例)接口请求失败，未提取到中间变量
[2022-11-14 13:02:31,080] logger_utils.py->print_log line:20 [INFO]预期结果：[{'codes': {'status_code': 200}}, {'contains': '41004'}]
[2022-11-14 13:02:31,080] logger_utils.py->print_log line:20 [INFO]实际结果：{'errcode': 41004, 'errmsg': 'appsecret missing rid: 6371cbe6-4bfbc5d4-2810f286'},status_code:200
[2022-11-14 13:02:31,080] logger_utils.py->print_log line:20 [INFO]状态码断言
[2022-11-14 13:02:31,080] logger_utils.py->print_log line:20 [INFO]包含断言
[2022-11-14 13:02:31,080] logger_utils.py->print_log line:20 [INFO]获取鉴权码-secret为空业务断言成功
[2022-11-14 13:02:31,080] logger_utils.py->print_log line:20 [INFO]----------------获取鉴权码-secret为空接口测试结束----------------

[2022-11-14 13:02:31,087] logger_utils.py->print_log line:20 [INFO]----------------选择标签-正例接口测试开始----------------
[2022-11-14 13:02:31,087] logger_utils.py->print_log line:20 [INFO]params参数不存在，请注意
[2022-11-14 13:02:31,087] logger_utils.py->print_log line:20 [INFO]请求方式：get
[2022-11-14 13:02:31,088] logger_utils.py->print_log line:20 [INFO]请求地址：https://api.weixin.qq.com/cgi-bin/tags/get?access_token=62_mdUoJVCiHzHFePpXAVHMBJssWu-fhO1bXkynIuu2vxApAUSPdKHPSbum8h6PNN8qxgjL1AaBkWOj_jpd9x3prVlCeNKh8oM_zIK4oyM-6Sw-PTh46N4QjXyeUgIGZUcAJATMH
[2022-11-14 13:02:31,190] logger_utils.py->print_log line:20 [INFO]预期结果：[{'contains': 'tags'}, {'codes': {'status_code': 200}}]
[2022-11-14 13:02:31,190] logger_utils.py->print_log line:20 [INFO]实际结果：{'tags': [{'id': 2, 'name': '星标组', 'count': 0}]},status_code:200
[2022-11-14 13:02:31,191] logger_utils.py->print_log line:20 [INFO]包含断言
[2022-11-14 13:02:31,191] logger_utils.py->print_log line:20 [INFO]状态码断言
[2022-11-14 13:02:31,191] logger_utils.py->print_log line:20 [INFO]选择标签-正例业务断言成功
[2022-11-14 13:02:31,191] logger_utils.py->print_log line:20 [INFO]----------------选择标签-正例接口测试结束----------------

