[2022-11-13 23:04:15,506] logger_utils.py->print_log line:20 [INFO]----------------获取鉴权码-正例接口测试开始----------------
[2022-11-13 23:04:15,507] logger_utils.py->print_log line:20 [INFO]请求方式：None
[2022-11-13 23:04:15,508] logger_utils.py->print_log line:20 [INFO]请求地址：https://api.weixin.qq.com/cgi-bin/token
[2022-11-13 23:04:15,509] logger_utils.py->print_log line:20 [INFO]请求params参数：{'grant_type': 'client_credential', 'appid': 'wxf393fadf3268a5d5', 'secret': 'e9a29dfa3920020ebee3675bcc9c2cf8'}
[2022-11-13 23:04:15,849] logger_utils.py->print_log line:20 [INFO]预期结果：[{'codes': {'status_code': 200}}, {'contains': 'access_token'}]
[2022-11-13 23:04:15,850] logger_utils.py->print_log line:20 [INFO]实际结果：{'access_token': '62_TSKd3Tr6sPFJHjmNHqSN2jA4jI-QUjEYY8c9gbjVWGxnxrn8YZ4RIzh6abzi91K2Qw5-TjpJuUoDbpU1W84k5LMntiwbkolkwIYZwWyKDHbHFA6GycXo1fxsb1UHSNiAFAXID', 'expires_in': 7200},status_code:200
[2022-11-13 23:04:15,850] logger_utils.py->print_log line:20 [INFO]状态码断言
[2022-11-13 23:04:15,850] logger_utils.py->print_log line:20 [INFO]包含断言
[2022-11-13 23:04:15,850] logger_utils.py->print_log line:20 [INFO]获取鉴权码-正例业务断言成功
[2022-11-13 23:04:15,850] logger_utils.py->print_log line:20 [INFO]----------------获取鉴权码-正例接口测试结束----------------

[2022-11-13 23:04:15,857] logger_utils.py->print_log line:20 [INFO]----------------获取鉴权码-appid为空接口测试开始----------------
[2022-11-13 23:04:15,858] logger_utils.py->print_log line:20 [INFO]请求方式：None
[2022-11-13 23:04:15,858] logger_utils.py->print_log line:20 [INFO]请求地址：https://api.weixin.qq.com/cgi-bin/token
[2022-11-13 23:04:15,859] logger_utils.py->print_log line:20 [INFO]请求params参数：{'grant_type': 'client_credential', 'appid': '', 'secret': 'e9a29dfa3920020ebee3675bcc9c2cf8'}
[2022-11-13 23:04:15,906] logger_utils.py->print_log line:20 [INFO]正则表达式"access_token":"(.*?)"可能有误，或者(反例)接口请求失败，未提取到中间变量
[2022-11-13 23:04:15,907] logger_utils.py->print_log line:20 [INFO]jsonpath表达式$..expires_in可能有误，或者(反例)接口请求失败，未提取到中间变量
[2022-11-13 23:04:15,907] logger_utils.py->print_log line:20 [INFO]预期结果：[{'codes': {'status_code': 200}}, {'contains': '41002'}]
[2022-11-13 23:04:15,907] logger_utils.py->print_log line:20 [INFO]实际结果：{'errcode': 41002, 'errmsg': 'appid missing rid: 6371076f-624dc887-3532ac76'},status_code:200
[2022-11-13 23:04:15,907] logger_utils.py->print_log line:20 [INFO]状态码断言
[2022-11-13 23:04:15,907] logger_utils.py->print_log line:20 [INFO]包含断言
[2022-11-13 23:04:15,907] logger_utils.py->print_log line:20 [INFO]获取鉴权码-appid为空业务断言成功
[2022-11-13 23:04:15,907] logger_utils.py->print_log line:20 [INFO]----------------获取鉴权码-appid为空接口测试结束----------------

[2022-11-13 23:04:15,915] logger_utils.py->print_log line:20 [INFO]----------------获取鉴权码-secret为空接口测试开始----------------
[2022-11-13 23:04:15,916] logger_utils.py->print_log line:20 [INFO]请求方式：None
[2022-11-13 23:04:15,917] logger_utils.py->print_log line:20 [INFO]请求地址：https://api.weixin.qq.com/cgi-bin/token
[2022-11-13 23:04:15,917] logger_utils.py->print_log line:20 [INFO]请求params参数：{'grant_type': 'client_credential', 'appid': 'wxf393fadf3268a5d5', 'secret': ''}
[2022-11-13 23:04:15,982] logger_utils.py->print_log line:20 [INFO]正则表达式"access_token":"(.*?)"可能有误，或者(反例)接口请求失败，未提取到中间变量
[2022-11-13 23:04:15,983] logger_utils.py->print_log line:20 [INFO]jsonpath表达式$..expires_in可能有误，或者(反例)接口请求失败，未提取到中间变量
[2022-11-13 23:04:15,983] logger_utils.py->print_log line:20 [INFO]预期结果：[{'codes': {'status_code': 200}}, {'contains': '41004'}]
[2022-11-13 23:04:15,983] logger_utils.py->print_log line:20 [INFO]实际结果：{'errcode': 41004, 'errmsg': 'appsecret missing rid: 6371076f-10c5ed0a-524cfc4e'},status_code:200
[2022-11-13 23:04:15,983] logger_utils.py->print_log line:20 [INFO]状态码断言
[2022-11-13 23:04:15,983] logger_utils.py->print_log line:20 [INFO]包含断言
[2022-11-13 23:04:15,983] logger_utils.py->print_log line:20 [INFO]获取鉴权码-secret为空业务断言成功
[2022-11-13 23:04:15,983] logger_utils.py->print_log line:20 [INFO]----------------获取鉴权码-secret为空接口测试结束----------------

