[2022-11-14 13:06:49,828] logger_utils.py->print_log line:20 [INFO]----------------获取鉴权码-正例接口测试开始----------------
[2022-11-14 13:06:49,828] logger_utils.py->print_log line:20 [INFO]请求方式：get
[2022-11-14 13:06:49,829] logger_utils.py->print_log line:20 [INFO]请求地址：https://api.weixin.qq.com/cgi-bin/token
[2022-11-14 13:06:49,829] logger_utils.py->print_log line:20 [INFO]请求params参数：{'grant_type': 'client_credential', 'appid': 'wxf393fadf3268a5d5', 'secret': 'e9a29dfa3920020ebee3675bcc9c2cf8'}
[2022-11-14 13:06:50,098] logger_utils.py->print_log line:20 [INFO]extract配置参数为空，请检查
[2022-11-14 13:06:50,098] logger_utils.py->print_log line:20 [INFO]预期结果：[{'codes': {'status_code': 200}}, {'contains': 'access_token'}]
[2022-11-14 13:06:50,099] logger_utils.py->print_log line:20 [INFO]实际结果：{'access_token': '62_PEebwNqNmY0SMgWGwJ7i_fjifW3f2m6dLbzd15LKrQMyNPqLupaEBF8wc-sYVKf9F86PXijlUHl50ho10n9RTKQSHm9FNtyK8deL7EDmFEhJVrSOA7Fn8F-lsgECBPeABAMLZ', 'expires_in': 7200},status_code:200
[2022-11-14 13:06:50,099] logger_utils.py->print_log line:20 [INFO]状态码断言
[2022-11-14 13:06:50,099] logger_utils.py->print_log line:20 [INFO]包含断言
[2022-11-14 13:06:50,099] logger_utils.py->print_log line:20 [INFO]获取鉴权码-正例业务断言成功
[2022-11-14 13:06:50,099] logger_utils.py->print_log line:20 [INFO]----------------获取鉴权码-正例接口测试结束----------------

[2022-11-14 13:06:50,108] logger_utils.py->print_log line:20 [INFO]----------------获取鉴权码-appid为空接口测试开始----------------
[2022-11-14 13:06:50,108] logger_utils.py->print_log line:20 [INFO]请求方式：get
[2022-11-14 13:06:50,109] logger_utils.py->print_log line:20 [INFO]请求地址：https://api.weixin.qq.com/cgi-bin/token
[2022-11-14 13:06:50,109] logger_utils.py->print_log line:20 [INFO]请求params参数：{'grant_type': 'client_credential', 'appid': '', 'secret': 'e9a29dfa3920020ebee3675bcc9c2cf8'}
[2022-11-14 13:06:50,152] logger_utils.py->print_log line:20 [INFO]extract配置参数为空，请检查
[2022-11-14 13:06:50,152] logger_utils.py->print_log line:20 [INFO]预期结果：[{'codes': {'status_code': 200}}, {'contains': '41002'}]
[2022-11-14 13:06:50,152] logger_utils.py->print_log line:20 [INFO]实际结果：{'errcode': 41002, 'errmsg': 'appid missing rid: 6371cce9-45b3f43c-4d832ea0'},status_code:200
[2022-11-14 13:06:50,153] logger_utils.py->print_log line:20 [INFO]状态码断言
[2022-11-14 13:06:50,153] logger_utils.py->print_log line:20 [INFO]包含断言
[2022-11-14 13:06:50,153] logger_utils.py->print_log line:20 [INFO]获取鉴权码-appid为空业务断言成功
[2022-11-14 13:06:50,153] logger_utils.py->print_log line:20 [INFO]----------------获取鉴权码-appid为空接口测试结束----------------

