[2022-11-14 13:03:03,923] logger_utils.py->print_log line:20 [INFO]----------------获取鉴权码-正例接口测试开始----------------
[2022-11-14 13:03:03,923] logger_utils.py->print_log line:20 [INFO]请求方式：get
[2022-11-14 13:03:03,924] logger_utils.py->print_log line:20 [INFO]请求地址：https://api.weixin.qq.com/cgi-bin/token
[2022-11-14 13:03:03,924] logger_utils.py->print_log line:20 [INFO]请求params参数：{'grant_type': 'client_credential', 'appid': 'wxf393fadf3268a5d5', 'secret': 'e9a29dfa3920020ebee3675bcc9c2cf8'}
[2022-11-14 13:03:04,192] logger_utils.py->print_log line:20 [INFO]预期结果：[{'codes': {'status_code': 200}}, {'contains': 'access_token'}]
[2022-11-14 13:03:04,193] logger_utils.py->print_log line:20 [INFO]实际结果：{'access_token': '62_rQZDXKrSKHFItFsArEL_HUjpsCDB4D03JwODKsBzhgUcLervJm39bpwxO_QJp0f8Tiff1UWCW0axaCC9vbp-WyVkErY9flfdMlMbIZMuL9AHZB1fO9ChOLlNWjMNYAgACABMO', 'expires_in': 7200},status_code:200
[2022-11-14 13:03:04,193] logger_utils.py->print_log line:20 [INFO]状态码断言
[2022-11-14 13:03:04,193] logger_utils.py->print_log line:20 [INFO]包含断言
[2022-11-14 13:03:04,193] logger_utils.py->print_log line:20 [INFO]获取鉴权码-正例业务断言成功
[2022-11-14 13:03:04,194] logger_utils.py->print_log line:20 [INFO]----------------获取鉴权码-正例接口测试结束----------------

[2022-11-14 13:03:04,201] logger_utils.py->print_log line:20 [INFO]----------------获取鉴权码-appid为空接口测试开始----------------
[2022-11-14 13:03:04,201] logger_utils.py->print_log line:20 [INFO]请求方式：get
[2022-11-14 13:03:04,202] logger_utils.py->print_log line:20 [INFO]请求地址：https://api.weixin.qq.com/cgi-bin/token
[2022-11-14 13:03:04,203] logger_utils.py->print_log line:20 [INFO]请求params参数：{'grant_type': 'client_credential', 'appid': '', 'secret': 'e9a29dfa3920020ebee3675bcc9c2cf8'}
[2022-11-14 13:03:04,245] logger_utils.py->print_log line:20 [INFO]正则表达式"access_token":"(.*?)"可能有误，或者(反例)接口请求失败，未提取到中间变量
[2022-11-14 13:03:04,245] logger_utils.py->print_log line:20 [INFO]jsonpath表达式$..expires_in可能有误，或者(反例)接口请求失败，未提取到中间变量
[2022-11-14 13:03:04,245] logger_utils.py->print_log line:20 [INFO]预期结果：[{'codes': {'status_code': 200}}, {'contains': '41002'}]
[2022-11-14 13:03:04,245] logger_utils.py->print_log line:20 [INFO]实际结果：{'errcode': 41002, 'errmsg': 'appid missing rid: 6371cc07-4a457815-5e70bc0e'},status_code:200
[2022-11-14 13:03:04,246] logger_utils.py->print_log line:20 [INFO]状态码断言
[2022-11-14 13:03:04,246] logger_utils.py->print_log line:20 [INFO]包含断言
[2022-11-14 13:03:04,246] logger_utils.py->print_log line:20 [INFO]获取鉴权码-appid为空业务断言成功
[2022-11-14 13:03:04,246] logger_utils.py->print_log line:20 [INFO]----------------获取鉴权码-appid为空接口测试结束----------------

[2022-11-14 13:03:04,253] logger_utils.py->print_log line:20 [INFO]----------------获取鉴权码-secret为空接口测试开始----------------
[2022-11-14 13:03:04,253] logger_utils.py->print_log line:20 [INFO]请求方式：get
[2022-11-14 13:03:04,254] logger_utils.py->print_log line:20 [INFO]请求地址：https://api.weixin.qq.com/cgi-bin/token
[2022-11-14 13:03:04,254] logger_utils.py->print_log line:20 [INFO]请求params参数：{'grant_type': 'client_credential', 'appid': 'wxf393fadf3268a5d5', 'secret': ''}
[2022-11-14 13:03:04,306] logger_utils.py->print_log line:20 [INFO]正则表达式"access_token":"(.*?)"可能有误，或者(反例)接口请求失败，未提取到中间变量
[2022-11-14 13:03:04,306] logger_utils.py->print_log line:20 [INFO]jsonpath表达式$..expires_in可能有误，或者(反例)接口请求失败，未提取到中间变量
[2022-11-14 13:03:04,306] logger_utils.py->print_log line:20 [INFO]预期结果：[{'codes': {'status_code': 200}}, {'contains': '41004'}]
[2022-11-14 13:03:04,306] logger_utils.py->print_log line:20 [INFO]实际结果：{'errcode': 41004, 'errmsg': 'appsecret missing rid: 6371cc07-21b433de-755792f7'},status_code:200
[2022-11-14 13:03:04,307] logger_utils.py->print_log line:20 [INFO]状态码断言
[2022-11-14 13:03:04,307] logger_utils.py->print_log line:20 [INFO]包含断言
[2022-11-14 13:03:04,307] logger_utils.py->print_log line:20 [INFO]获取鉴权码-secret为空业务断言成功
[2022-11-14 13:03:04,307] logger_utils.py->print_log line:20 [INFO]----------------获取鉴权码-secret为空接口测试结束----------------

