[2022-11-14 13:16:38,403] logger_utils.py->print_log line:20 [INFO]----------------获取鉴权码-正例接口测试开始----------------
[2022-11-14 13:16:38,403] logger_utils.py->print_log line:20 [INFO]请求方式：get
[2022-11-14 13:16:38,404] logger_utils.py->print_log line:20 [INFO]请求地址：https://api.weixin.qq.com/cgi-bin/token
[2022-11-14 13:16:38,404] logger_utils.py->print_log line:20 [INFO]请求params参数：{'grant_type': 'client_credential', 'appid': 'wxf393fadf3268a5d5', 'secret': 'e9a29dfa3920020ebee3675bcc9c2cf8'}
[2022-11-14 13:16:38,720] logger_utils.py->print_log line:20 [INFO]预期结果：[{'codes': {'status_code': 200}}, {'contains': 'access_token'}]
[2022-11-14 13:16:38,721] logger_utils.py->print_log line:20 [INFO]实际结果：{'access_token': '62_pikx0I8m0V1s7l2TWAOy1pLh46nXORDqcmuAPlJxb8_v86Z_waGr07s81xPUe2TDjCDj-SsQvehld5A-pbnxj_ovzFSyctlhMO0owU6Rqn1yy-eTyYE4oymWmQwSCPbACAHRE', 'expires_in': 7200},status_code:200
[2022-11-14 13:16:38,721] logger_utils.py->print_log line:20 [INFO]状态码断言
[2022-11-14 13:16:38,721] logger_utils.py->print_log line:20 [INFO]包含断言
[2022-11-14 13:16:38,721] logger_utils.py->print_log line:20 [INFO]获取鉴权码-正例业务断言成功
[2022-11-14 13:16:38,721] logger_utils.py->print_log line:20 [INFO]----------------获取鉴权码-正例接口测试结束----------------

[2022-11-14 13:16:38,730] logger_utils.py->print_log line:20 [INFO]----------------获取鉴权码-appid为空接口测试开始----------------
[2022-11-14 13:16:38,730] logger_utils.py->print_log line:20 [INFO]请求方式：get
[2022-11-14 13:16:38,731] logger_utils.py->print_log line:20 [INFO]请求地址：https://api.weixin.qq.com/cgi-bin/token
[2022-11-14 13:16:38,731] logger_utils.py->print_log line:20 [INFO]请求params参数：{'grant_type': 'client_credential', 'appid': '', 'secret': 'e9a29dfa3920020ebee3675bcc9c2cf8'}
[2022-11-14 13:16:38,780] logger_utils.py->print_log line:20 [INFO]正则表达式"access_token":"(.*?)"可能有误，或者(反例)接口请求失败，未提取到中间变量
[2022-11-14 13:16:38,780] logger_utils.py->print_log line:20 [INFO]jsonpath表达式$..expires_in可能有误，或者(反例)接口请求失败，未提取到中间变量
[2022-11-14 13:16:38,780] logger_utils.py->print_log line:20 [INFO]预期结果：[{'codes': {'status_code': 200}}, {'contains': '41002'}]
[2022-11-14 13:16:38,780] logger_utils.py->print_log line:20 [INFO]实际结果：{'errcode': 41002, 'errmsg': 'appid missing rid: 6371cf36-2d775c25-64e90b8a'},status_code:200
[2022-11-14 13:16:38,781] logger_utils.py->print_log line:20 [INFO]状态码断言
[2022-11-14 13:16:38,781] logger_utils.py->print_log line:20 [INFO]包含断言
[2022-11-14 13:16:38,781] logger_utils.py->print_log line:20 [INFO]获取鉴权码-appid为空业务断言成功
[2022-11-14 13:16:38,781] logger_utils.py->print_log line:20 [INFO]----------------获取鉴权码-appid为空接口测试结束----------------

[2022-11-14 13:16:38,788] logger_utils.py->print_log line:20 [INFO]----------------获取鉴权码-secret为空接口测试开始----------------
[2022-11-14 13:16:38,788] logger_utils.py->print_log line:20 [INFO]请求方式：get
[2022-11-14 13:16:38,789] logger_utils.py->print_log line:20 [INFO]请求地址：https://api.weixin.qq.com/cgi-bin/token
[2022-11-14 13:16:38,789] logger_utils.py->print_log line:20 [INFO]请求params参数：{'grant_type': 'client_credential', 'appid': 'wxf393fadf3268a5d5', 'secret': ''}
[2022-11-14 13:16:38,857] logger_utils.py->print_log line:20 [INFO]正则表达式"access_token":"(.*?)"可能有误，或者(反例)接口请求失败，未提取到中间变量
[2022-11-14 13:16:38,857] logger_utils.py->print_log line:20 [INFO]jsonpath表达式$..expires_in可能有误，或者(反例)接口请求失败，未提取到中间变量
[2022-11-14 13:16:38,857] logger_utils.py->print_log line:20 [INFO]预期结果：[{'codes': {'status_code': 200}}, {'contains': '41004'}]
[2022-11-14 13:16:38,857] logger_utils.py->print_log line:20 [INFO]实际结果：{'errcode': 41004, 'errmsg': 'appsecret missing rid: 6371cf36-60d05647-5a8cfa6e'},status_code:200
[2022-11-14 13:16:38,858] logger_utils.py->print_log line:20 [INFO]状态码断言
[2022-11-14 13:16:38,858] logger_utils.py->print_log line:20 [INFO]包含断言
[2022-11-14 13:16:38,858] logger_utils.py->print_log line:20 [INFO]获取鉴权码-secret为空业务断言成功
[2022-11-14 13:16:38,858] logger_utils.py->print_log line:20 [INFO]----------------获取鉴权码-secret为空接口测试结束----------------

[2022-11-14 13:16:38,866] logger_utils.py->print_log line:20 [INFO]----------------文件上传接口测试开始----------------
[2022-11-14 13:16:38,866] logger_utils.py->print_log line:20 [INFO]headers没有value,请确认
[2022-11-14 13:16:38,866] logger_utils.py->print_log line:20 [INFO]json没有value,请确认
[2022-11-14 13:16:38,866] logger_utils.py->print_log line:20 [INFO]请求方式：post
[2022-11-14 13:16:38,867] logger_utils.py->print_log line:20 [INFO]请求地址：https://api.weixin.qq.com/cgi-bin/media/uploadimg
[2022-11-14 13:16:38,867] logger_utils.py->print_log line:20 [INFO]headers未填充，或者(反例)设计为空
[2022-11-14 13:16:38,868] logger_utils.py->print_log line:20 [INFO]请求params参数：{'access_token': '62_pikx0I8m0V1s7l2TWAOy1pLh46nXORDqcmuAPlJxb8_v86Z_waGr07s81xPUe2TDjCDj-SsQvehld5A-pbnxj_ovzFSyctlhMO0owU6Rqn1yy-eTyYE4oymWmQwSCPbACAHRE'}
[2022-11-14 13:16:38,868] logger_utils.py->print_log line:20 [INFO]json未填充，或者(反例)设计为空
[2022-11-14 13:16:39,345] logger_utils.py->print_log line:20 [INFO]预期结果：[{'contains': 'url'}]
[2022-11-14 13:16:39,345] logger_utils.py->print_log line:20 [INFO]实际结果：{'url': 'http://mmbiz.qpic.cn/mmbiz_jpg/fibzHFSzGTSYVOaNUia2AiaptWHu7mMOGEKxqJ5RBvA6IFMysh89z9iaKjoPSa34eEia1XFKa2ptJDUWmiaxN9KibUuiaw/0'},status_code:200
[2022-11-14 13:16:39,345] logger_utils.py->print_log line:20 [INFO]包含断言
[2022-11-14 13:16:39,345] logger_utils.py->print_log line:20 [INFO]文件上传业务断言成功
[2022-11-14 13:16:39,345] logger_utils.py->print_log line:20 [INFO]----------------文件上传接口测试结束----------------

