[2022-11-14 13:22:50,332] logger_utils.py->print_log line:20 [INFO]----------------获取鉴权码-正例接口测试开始----------------
[2022-11-14 13:22:50,333] logger_utils.py->print_log line:20 [INFO]请求方式：get
[2022-11-14 13:22:50,333] logger_utils.py->print_log line:20 [INFO]请求地址：https://api.weixin.qq.com/cgi-bin/token
[2022-11-14 13:22:50,334] logger_utils.py->print_log line:20 [INFO]请求params参数：{'grant_type': 'client_credential', 'appid': 'wxf393fadf3268a5d5', 'secret': 'e9a29dfa3920020ebee3675bcc9c2cf8'}
[2022-11-14 13:22:50,622] logger_utils.py->print_log line:20 [INFO]预期结果：[{'codes': {'status_code': 200}}, {'contains': 'access_token'}]
[2022-11-14 13:22:50,623] logger_utils.py->print_log line:20 [INFO]实际结果：{'access_token': '62_QsZzJJTBJyLfz8mV0MJg0Xz5i0UsEVUXIO1VXH9seFxQycEm6ra_4hdaxoFud24esRqskis2OEFcuZgH48sOXcLQLaicp_JTM0GZcXsVLGFnVI_bgc3FMBMUnf4XTSbAHABXW', 'expires_in': 7200},status_code:200
[2022-11-14 13:22:50,624] logger_utils.py->print_log line:20 [INFO]状态码断言
[2022-11-14 13:22:50,624] logger_utils.py->print_log line:20 [INFO]包含断言
[2022-11-14 13:22:50,624] logger_utils.py->print_log line:20 [INFO]获取鉴权码-正例业务断言成功
[2022-11-14 13:22:50,624] logger_utils.py->print_log line:20 [INFO]----------------获取鉴权码-正例接口测试结束----------------

[2022-11-14 13:22:50,631] logger_utils.py->print_log line:20 [INFO]----------------获取鉴权码-appid为空接口测试开始----------------
[2022-11-14 13:22:50,631] logger_utils.py->print_log line:20 [INFO]请求方式：get
[2022-11-14 13:22:50,632] logger_utils.py->print_log line:20 [INFO]请求地址：https://api.weixin.qq.com/cgi-bin/token
[2022-11-14 13:22:50,632] logger_utils.py->print_log line:20 [INFO]请求params参数：{'grant_type': 'client_credential', 'appid': '', 'secret': 'e9a29dfa3920020ebee3675bcc9c2cf8'}
[2022-11-14 13:22:50,674] logger_utils.py->print_log line:20 [INFO]正则表达式"access_token":"(.*?)"可能有误，或者(反例)接口请求失败，未提取到中间变量
[2022-11-14 13:22:50,675] logger_utils.py->print_log line:20 [INFO]jsonpath表达式$..expires_in可能有误，或者(反例)接口请求失败，未提取到中间变量
[2022-11-14 13:22:50,675] logger_utils.py->print_log line:20 [INFO]预期结果：[{'codes': {'status_code': 200}}, {'contains': '41002'}]
[2022-11-14 13:22:50,675] logger_utils.py->print_log line:20 [INFO]实际结果：{'errcode': 41002, 'errmsg': 'appid missing rid: 6371d0a9-6197b4f4-3725d1f7'},status_code:200
[2022-11-14 13:22:50,675] logger_utils.py->print_log line:20 [INFO]状态码断言
[2022-11-14 13:22:50,675] logger_utils.py->print_log line:20 [INFO]包含断言
[2022-11-14 13:22:50,675] logger_utils.py->print_log line:20 [INFO]获取鉴权码-appid为空业务断言成功
[2022-11-14 13:22:50,675] logger_utils.py->print_log line:20 [INFO]----------------获取鉴权码-appid为空接口测试结束----------------

[2022-11-14 13:22:50,684] logger_utils.py->print_log line:20 [INFO]----------------获取鉴权码-secret为空接口测试开始----------------
[2022-11-14 13:22:50,684] logger_utils.py->print_log line:20 [INFO]请求方式：get
[2022-11-14 13:22:50,685] logger_utils.py->print_log line:20 [INFO]请求地址：https://api.weixin.qq.com/cgi-bin/token
[2022-11-14 13:22:50,685] logger_utils.py->print_log line:20 [INFO]请求params参数：{'grant_type': 'client_credential', 'appid': 'wxf393fadf3268a5d5', 'secret': ''}
[2022-11-14 13:22:50,757] logger_utils.py->print_log line:20 [INFO]正则表达式"access_token":"(.*?)"可能有误，或者(反例)接口请求失败，未提取到中间变量
[2022-11-14 13:22:50,757] logger_utils.py->print_log line:20 [INFO]jsonpath表达式$..expires_in可能有误，或者(反例)接口请求失败，未提取到中间变量
[2022-11-14 13:22:50,757] logger_utils.py->print_log line:20 [INFO]预期结果：[{'codes': {'status_code': 200}}, {'contains': '41004'}]
[2022-11-14 13:22:50,757] logger_utils.py->print_log line:20 [INFO]实际结果：{'errcode': 41004, 'errmsg': 'appsecret missing rid: 6371d0aa-029c325d-4293b1f4'},status_code:200
[2022-11-14 13:22:50,758] logger_utils.py->print_log line:20 [INFO]状态码断言
[2022-11-14 13:22:50,758] logger_utils.py->print_log line:20 [INFO]包含断言
[2022-11-14 13:22:50,758] logger_utils.py->print_log line:20 [INFO]获取鉴权码-secret为空业务断言成功
[2022-11-14 13:22:50,758] logger_utils.py->print_log line:20 [INFO]----------------获取鉴权码-secret为空接口测试结束----------------

[2022-11-14 13:22:50,765] logger_utils.py->print_log line:20 [INFO]----------------文件上传-正例接口测试开始----------------
[2022-11-14 13:22:50,765] logger_utils.py->print_log line:20 [INFO]headers没有value,请确认
[2022-11-14 13:22:50,766] logger_utils.py->print_log line:20 [INFO]json没有value,请确认
[2022-11-14 13:22:50,766] logger_utils.py->print_log line:20 [INFO]请求方式：post
[2022-11-14 13:22:50,767] logger_utils.py->print_log line:20 [INFO]请求地址：https://api.weixin.qq.com/cgi-bin/media/uploadimg
[2022-11-14 13:22:50,767] logger_utils.py->print_log line:20 [INFO]headers未填充，或者(反例)设计为空
[2022-11-14 13:22:50,767] logger_utils.py->print_log line:20 [INFO]请求params参数：{'access_token': '62_QsZzJJTBJyLfz8mV0MJg0Xz5i0UsEVUXIO1VXH9seFxQycEm6ra_4hdaxoFud24esRqskis2OEFcuZgH48sOXcLQLaicp_JTM0GZcXsVLGFnVI_bgc3FMBMUnf4XTSbAHABXW'}
[2022-11-14 13:22:50,767] logger_utils.py->print_log line:20 [INFO]json未填充，或者(反例)设计为空
[2022-11-14 13:22:51,113] logger_utils.py->print_log line:20 [INFO]预期结果：[{'contains': 'url'}]
[2022-11-14 13:22:51,113] logger_utils.py->print_log line:20 [INFO]实际结果：{'url': 'http://mmbiz.qpic.cn/mmbiz_jpg/fibzHFSzGTSYVOaNUia2AiaptWHu7mMOGEKxqJ5RBvA6IFMysh89z9iaKjoPSa34eEia1XFKa2ptJDUWmiaxN9KibUuiaw/0'},status_code:200
[2022-11-14 13:22:51,113] logger_utils.py->print_log line:20 [INFO]包含断言
[2022-11-14 13:22:51,114] logger_utils.py->print_log line:20 [INFO]文件上传-正例业务断言成功
[2022-11-14 13:22:51,114] logger_utils.py->print_log line:20 [INFO]----------------文件上传-正例接口测试结束----------------

