[2022-11-13 22:55:37,129] logger_utils.py->print_log line:20 [INFO]----------------获取鉴权码-正例接口测试开始----------------
[2022-11-13 22:55:37,129] logger_utils.py->print_log line:20 [INFO]请求方式：None
[2022-11-13 22:55:37,130] logger_utils.py->print_log line:20 [INFO]请求地址：https://api.weixin.qq.com/cgi-bin/token
[2022-11-13 22:55:37,130] logger_utils.py->print_log line:20 [INFO]请求params参数：{'grant_type': 'client_credential', 'appid': 'wxf393fadf3268a5d5', 'secret': 'e9a29dfa3920020ebee3675bcc9c2cf8'}
[2022-11-13 22:55:37,478] logger_utils.py->print_log line:20 [INFO]预期结果：[{'codes': {'status_code': 200}}, {'contains': 'access_token'}]
[2022-11-13 22:55:37,479] logger_utils.py->print_log line:20 [INFO]实际结果：{'access_token': '62_KTLIp8X3k8qZ2OO1EM6kAUyW__GtzLy2iLWYG25T3OKIfFthTNUu5gcAmJ1SgAX79qoIasxNBPkV9-ySYJgVKUlYN4Q1Nxlvoq0IIuFVismfDS4svNOesRT0FaYWXCfABACDI', 'expires_in': 7200},status_code:200
[2022-11-13 22:55:37,479] logger_utils.py->print_log line:20 [INFO]状态码断言
[2022-11-13 22:55:37,479] logger_utils.py->print_log line:20 [INFO]包含断言
[2022-11-13 22:55:37,479] logger_utils.py->print_log line:20 [INFO]获取鉴权码-正例业务断言成功
[2022-11-13 22:55:37,479] logger_utils.py->print_log line:20 [INFO]----------------获取鉴权码-正例接口测试结束----------------

[2022-11-13 22:55:37,486] logger_utils.py->print_log line:20 [INFO]----------------获取鉴权码-appid为空接口测试开始----------------
[2022-11-13 22:55:37,486] logger_utils.py->print_log line:20 [INFO]请求方式：None
[2022-11-13 22:55:37,487] logger_utils.py->print_log line:20 [INFO]请求地址：https://api.weixin.qq.com/cgi-bin/token
[2022-11-13 22:55:37,487] logger_utils.py->print_log line:20 [INFO]请求params参数：{'grant_type': 'client_credential', 'appid': '', 'secret': 'e9a29dfa3920020ebee3675bcc9c2cf8'}
[2022-11-13 22:55:37,536] logger_utils.py->print_log line:20 [INFO]正则表达式"access_token":"(.*?)"可能有误，或者(反例)接口请求失败，未提取到中间变量
[2022-11-13 22:55:37,537] logger_utils.py->print_log line:20 [INFO]jsonpath表达式$..expires_in可能有误，或者(反例)接口请求失败，未提取到中间变量
[2022-11-13 22:55:37,537] logger_utils.py->print_log line:20 [INFO]预期结果：[{'codes': {'status_code': 200}}, {'contains': '41002'}]
[2022-11-13 22:55:37,537] logger_utils.py->print_log line:20 [INFO]实际结果：{'errcode': 41002, 'errmsg': 'appid missing rid: 63710569-5ee0f99b-4b291c58'},status_code:200
[2022-11-13 22:55:37,537] logger_utils.py->print_log line:20 [INFO]状态码断言
[2022-11-13 22:55:37,537] logger_utils.py->print_log line:20 [INFO]包含断言
[2022-11-13 22:55:37,537] logger_utils.py->print_log line:20 [INFO]获取鉴权码-appid为空业务断言成功
[2022-11-13 22:55:37,537] logger_utils.py->print_log line:20 [INFO]----------------获取鉴权码-appid为空接口测试结束----------------

[2022-11-13 22:55:37,544] logger_utils.py->print_log line:20 [INFO]----------------获取鉴权码-secret为空接口测试开始----------------
[2022-11-13 22:55:37,544] logger_utils.py->print_log line:20 [INFO]请求方式：None
[2022-11-13 22:55:37,545] logger_utils.py->print_log line:20 [INFO]请求地址：https://api.weixin.qq.com/cgi-bin/token
[2022-11-13 22:55:37,545] logger_utils.py->print_log line:20 [INFO]请求params参数：{'grant_type': 'client_credential', 'appid': 'wxf393fadf3268a5d5', 'secret': ''}
[2022-11-13 22:55:37,612] logger_utils.py->print_log line:20 [INFO]正则表达式"access_token":"(.*?)"可能有误，或者(反例)接口请求失败，未提取到中间变量
[2022-11-13 22:55:37,612] logger_utils.py->print_log line:20 [INFO]jsonpath表达式$..expires_in可能有误，或者(反例)接口请求失败，未提取到中间变量
[2022-11-13 22:55:37,612] logger_utils.py->print_log line:20 [INFO]预期结果：[{'codes': {'status_code': 200}}, {'contains': '41004'}]
[2022-11-13 22:55:37,612] logger_utils.py->print_log line:20 [INFO]实际结果：{'errcode': 41004, 'errmsg': 'appsecret missing rid: 63710569-1d691353-59a358d8'},status_code:200
[2022-11-13 22:55:37,613] logger_utils.py->print_log line:20 [INFO]状态码断言
[2022-11-13 22:55:37,613] logger_utils.py->print_log line:20 [INFO]包含断言
[2022-11-13 22:55:37,613] logger_utils.py->print_log line:20 [INFO]获取鉴权码-secret为空业务断言成功
[2022-11-13 22:55:37,613] logger_utils.py->print_log line:20 [INFO]----------------获取鉴权码-secret为空接口测试结束----------------

