[2022-11-14 13:04:10,827] logger_utils.py->print_log line:20 [INFO]----------------获取鉴权码-正例接口测试开始----------------
[2022-11-14 13:04:10,827] logger_utils.py->print_log line:20 [INFO]请求方式：get
[2022-11-14 13:04:10,828] logger_utils.py->print_log line:20 [INFO]请求地址：https://api.weixin.qq.com/cgi-bin/token
[2022-11-14 13:04:10,829] logger_utils.py->print_log line:20 [INFO]请求params参数：{'grant_type': 'client_credential', 'appid': 'wxf393fadf3268a5d5', 'secret': 'e9a29dfa3920020ebee3675bcc9c2cf8'}
[2022-11-14 13:04:11,140] logger_utils.py->print_log line:20 [INFO]预期结果：[{'codes': {'status_code': 200}}, {'contains': 'access_token'}]
[2022-11-14 13:04:11,141] logger_utils.py->print_log line:20 [INFO]实际结果：{'access_token': '62_3v4alD4a_VF9l_6Sj3ltIrtg2NwY2GiqcNWtOs8wuBPthGSDMCQucMQTXMIOmwtGvD5lb8iWA3KDwwvyv_7Ym-LsXfnKuWfkXPq3354_lsrJ86CBa7M7nK4p8dwZYCeABAVUY', 'expires_in': 7200},status_code:200
[2022-11-14 13:04:11,141] logger_utils.py->print_log line:20 [INFO]状态码断言
[2022-11-14 13:04:11,142] logger_utils.py->print_log line:20 [INFO]包含断言
[2022-11-14 13:04:11,142] logger_utils.py->print_log line:20 [INFO]获取鉴权码-正例业务断言成功
[2022-11-14 13:04:11,142] logger_utils.py->print_log line:20 [INFO]----------------获取鉴权码-正例接口测试结束----------------

[2022-11-14 13:04:11,149] logger_utils.py->print_log line:20 [INFO]----------------获取鉴权码-appid为空接口测试开始----------------
[2022-11-14 13:04:11,149] logger_utils.py->print_log line:20 [INFO]请求方式：get
[2022-11-14 13:04:11,150] logger_utils.py->print_log line:20 [INFO]请求地址：https://api.weixin.qq.com/cgi-bin/token
[2022-11-14 13:04:11,150] logger_utils.py->print_log line:20 [INFO]请求params参数：{'grant_type': 'client_credential', 'appid': '', 'secret': 'e9a29dfa3920020ebee3675bcc9c2cf8'}
[2022-11-14 13:04:11,188] logger_utils.py->print_log line:20 [INFO]正则表达式"access_token":"(.*?)"可能有误，或者(反例)接口请求失败，未提取到中间变量
[2022-11-14 13:04:11,188] logger_utils.py->print_log line:20 [INFO]jsonpath表达式$..expires_in可能有误，或者(反例)接口请求失败，未提取到中间变量
[2022-11-14 13:04:11,189] logger_utils.py->print_log line:20 [INFO]预期结果：[{'codes': {'status_code': 200}}, {'contains': '41002'}]
[2022-11-14 13:04:11,189] logger_utils.py->print_log line:20 [INFO]实际结果：{'errcode': 41002, 'errmsg': 'appid missing rid: 6371cc4a-2d78b829-33824f9a'},status_code:200
[2022-11-14 13:04:11,189] logger_utils.py->print_log line:20 [INFO]状态码断言
[2022-11-14 13:04:11,189] logger_utils.py->print_log line:20 [INFO]包含断言
[2022-11-14 13:04:11,189] logger_utils.py->print_log line:20 [INFO]获取鉴权码-appid为空业务断言成功
[2022-11-14 13:04:11,189] logger_utils.py->print_log line:20 [INFO]----------------获取鉴权码-appid为空接口测试结束----------------

[2022-11-14 13:04:11,197] logger_utils.py->print_log line:20 [INFO]----------------获取鉴权码-secret为空接口测试开始----------------
[2022-11-14 13:04:11,197] logger_utils.py->print_log line:20 [INFO]请求方式：get
[2022-11-14 13:04:11,198] logger_utils.py->print_log line:20 [INFO]请求地址：https://api.weixin.qq.com/cgi-bin/token
[2022-11-14 13:04:11,198] logger_utils.py->print_log line:20 [INFO]请求params参数：{'grant_type': 'client_credential', 'appid': 'wxf393fadf3268a5d5', 'secret': ''}
[2022-11-14 13:04:11,255] logger_utils.py->print_log line:20 [INFO]正则表达式"access_token":"(.*?)"可能有误，或者(反例)接口请求失败，未提取到中间变量
[2022-11-14 13:04:11,255] logger_utils.py->print_log line:20 [INFO]jsonpath表达式$..expires_in可能有误，或者(反例)接口请求失败，未提取到中间变量
[2022-11-14 13:04:11,255] logger_utils.py->print_log line:20 [INFO]预期结果：[{'codes': {'status_code': 200}}, {'contains': '41004'}]
[2022-11-14 13:04:11,255] logger_utils.py->print_log line:20 [INFO]实际结果：{'errcode': 41004, 'errmsg': 'appsecret missing rid: 6371cc4a-188fdc4e-780f7098'},status_code:200
[2022-11-14 13:04:11,255] logger_utils.py->print_log line:20 [INFO]状态码断言
[2022-11-14 13:04:11,255] logger_utils.py->print_log line:20 [INFO]包含断言
[2022-11-14 13:04:11,256] logger_utils.py->print_log line:20 [INFO]获取鉴权码-secret为空业务断言成功
[2022-11-14 13:04:11,256] logger_utils.py->print_log line:20 [INFO]----------------获取鉴权码-secret为空接口测试结束----------------

