[2022-11-14 12:56:04,592] logger_utils.py->print_log line:20 [INFO]----------------获取鉴权码-正例接口测试开始----------------
[2022-11-14 12:56:04,592] logger_utils.py->print_log line:20 [INFO]请求方式：get
[2022-11-14 12:56:04,593] logger_utils.py->print_log line:20 [INFO]请求地址：https://api.weixin.qq.com/cgi-bin/token
[2022-11-14 12:56:04,593] logger_utils.py->print_log line:20 [INFO]请求params参数：{'grant_type': 'client_credential', 'appid': 'wxf393fadf3268a5d5', 'secret': 'e9a29dfa3920020ebee3675bcc9c2cf8'}
[2022-11-14 12:56:04,984] logger_utils.py->print_log line:20 [INFO]预期结果：[{'codes': {'status_code': 200}}, {'contains': 'access_token'}]
[2022-11-14 12:56:04,985] logger_utils.py->print_log line:20 [INFO]实际结果：{'access_token': '62_V3zSR0flWo7dRVkz_F8whAPhfkrKlHchWuawxRVAVlWpbfRtqpzQ_BbgwcFaATIVM-JinFsXMpdeLPrIyPgP9ctfPKuBfMU4GneTaHU1Ig4Kwd4BWh6wwsOc8sQVCTdACAIPG', 'expires_in': 7200},status_code:200
[2022-11-14 12:56:04,985] logger_utils.py->print_log line:20 [INFO]状态码断言
[2022-11-14 12:56:04,985] logger_utils.py->print_log line:20 [INFO]包含断言
[2022-11-14 12:56:04,985] logger_utils.py->print_log line:20 [INFO]获取鉴权码-正例业务断言成功
[2022-11-14 12:56:04,985] logger_utils.py->print_log line:20 [INFO]----------------获取鉴权码-正例接口测试结束----------------

[2022-11-14 12:56:04,993] logger_utils.py->print_log line:20 [INFO]----------------获取鉴权码-appid为空接口测试开始----------------
[2022-11-14 12:56:04,993] logger_utils.py->print_log line:20 [INFO]请求方式：get
[2022-11-14 12:56:04,994] logger_utils.py->print_log line:20 [INFO]请求地址：https://api.weixin.qq.com/cgi-bin/token
[2022-11-14 12:56:04,994] logger_utils.py->print_log line:20 [INFO]请求params参数：{'grant_type': 'client_credential', 'appid': '', 'secret': 'e9a29dfa3920020ebee3675bcc9c2cf8'}
[2022-11-14 12:56:05,039] logger_utils.py->print_log line:20 [INFO]正则表达式"access_token":"(.*?)"可能有误，或者(反例)接口请求失败，未提取到中间变量
[2022-11-14 12:56:05,039] logger_utils.py->print_log line:20 [INFO]jsonpath表达式$..expires_in可能有误，或者(反例)接口请求失败，未提取到中间变量
[2022-11-14 12:56:05,039] logger_utils.py->print_log line:20 [INFO]预期结果：[{'codes': {'status_code': 200}}, {'contains': '41002'}]
[2022-11-14 12:56:05,039] logger_utils.py->print_log line:20 [INFO]实际结果：{'errcode': 41002, 'errmsg': 'appid missing rid: 6371ca64-295aa3bf-18ff6489'},status_code:200
[2022-11-14 12:56:05,039] logger_utils.py->print_log line:20 [INFO]状态码断言
[2022-11-14 12:56:05,039] logger_utils.py->print_log line:20 [INFO]包含断言
[2022-11-14 12:56:05,039] logger_utils.py->print_log line:20 [INFO]获取鉴权码-appid为空业务断言成功
[2022-11-14 12:56:05,039] logger_utils.py->print_log line:20 [INFO]----------------获取鉴权码-appid为空接口测试结束----------------

[2022-11-14 12:56:05,047] logger_utils.py->print_log line:20 [INFO]----------------获取鉴权码-secret为空接口测试开始----------------
[2022-11-14 12:56:05,047] logger_utils.py->print_log line:20 [INFO]请求方式：get
[2022-11-14 12:56:05,048] logger_utils.py->print_log line:20 [INFO]请求地址：https://api.weixin.qq.com/cgi-bin/token
[2022-11-14 12:56:05,048] logger_utils.py->print_log line:20 [INFO]请求params参数：{'grant_type': 'client_credential', 'appid': 'wxf393fadf3268a5d5', 'secret': ''}
[2022-11-14 12:56:05,112] logger_utils.py->print_log line:20 [INFO]正则表达式"access_token":"(.*?)"可能有误，或者(反例)接口请求失败，未提取到中间变量
[2022-11-14 12:56:05,112] logger_utils.py->print_log line:20 [INFO]jsonpath表达式$..expires_in可能有误，或者(反例)接口请求失败，未提取到中间变量
[2022-11-14 12:56:05,112] logger_utils.py->print_log line:20 [INFO]预期结果：[{'codes': {'status_code': 200}}, {'contains': '41004'}]
[2022-11-14 12:56:05,112] logger_utils.py->print_log line:20 [INFO]实际结果：{'errcode': 41004, 'errmsg': 'appsecret missing rid: 6371ca64-3ddd4fba-6e438635'},status_code:200
[2022-11-14 12:56:05,113] logger_utils.py->print_log line:20 [INFO]状态码断言
[2022-11-14 12:56:05,113] logger_utils.py->print_log line:20 [INFO]包含断言
[2022-11-14 12:56:05,113] logger_utils.py->print_log line:20 [INFO]获取鉴权码-secret为空业务断言成功
[2022-11-14 12:56:05,113] logger_utils.py->print_log line:20 [INFO]----------------获取鉴权码-secret为空接口测试结束----------------

[2022-11-14 12:56:05,120] logger_utils.py->print_log line:20 [INFO]----------------选择标签-正常接口测试开始----------------
[2022-11-14 12:56:05,120] logger_utils.py->print_log line:20 [INFO]params参数不存在，请注意
[2022-11-14 12:56:05,120] logger_utils.py->print_log line:20 [INFO]请求方式：get
[2022-11-14 12:56:05,122] logger_utils.py->print_log line:20 [INFO]请求地址：https://api.weixin.qq.com/cgi-bin/tags/get?access_token=62_V3zSR0flWo7dRVkz_F8whAPhfkrKlHchWuawxRVAVlWpbfRtqpzQ_BbgwcFaATIVM-JinFsXMpdeLPrIyPgP9ctfPKuBfMU4GneTaHU1Ig4Kwd4BWh6wwsOc8sQVCTdACAIPG
[2022-11-14 12:56:05,220] logger_utils.py->print_log line:20 [INFO]如果此条用例不需要提示中间变量，请忽略此提示；否则请检查extract配置项
[2022-11-14 12:56:05,220] logger_utils.py->print_log line:20 [INFO]预期结果：[{'contains': 'tags'}, {'codes': {'status_code': 200}}]
[2022-11-14 12:56:05,220] logger_utils.py->print_log line:20 [INFO]实际结果：{'tags': [{'id': 2, 'name': '星标组', 'count': 0}]},status_code:200
[2022-11-14 12:56:05,220] logger_utils.py->print_log line:20 [INFO]包含断言
[2022-11-14 12:56:05,220] logger_utils.py->print_log line:20 [INFO]状态码断言
[2022-11-14 12:56:05,220] logger_utils.py->print_log line:20 [INFO]选择标签-正常业务断言成功
[2022-11-14 12:56:05,221] logger_utils.py->print_log line:20 [INFO]----------------选择标签-正常接口测试结束----------------

