[2022-11-13 22:59:34,575] logger_utils.py->print_log line:20 [INFO]----------------获取鉴权码-正例接口测试开始----------------
[2022-11-13 22:59:34,575] logger_utils.py->print_log line:20 [INFO]请求方式：None
[2022-11-13 22:59:34,576] logger_utils.py->print_log line:20 [INFO]请求地址：https://api.weixin.qq.com/cgi-bin/token
[2022-11-13 22:59:34,576] logger_utils.py->print_log line:20 [INFO]请求params参数：{'grant_type': 'client_credential', 'appid': 'wxf393fadf3268a5d5', 'secret': 'e9a29dfa3920020ebee3675bcc9c2cf8'}
[2022-11-13 22:59:34,875] logger_utils.py->print_log line:20 [INFO]预期结果：[{'codes': {'status_code': 200}}, {'contains': 'access_token'}]
[2022-11-13 22:59:34,876] logger_utils.py->print_log line:20 [INFO]实际结果：{'access_token': '62_q16C0ONg_GuZ2IaUW3wDH10JbNQwyofTeenvkd2efHlC3aE_oJ7ouE0bhXsjkmkcXG16tLWDB2D8xPQ_6LNvsVh4BEzMKAdGMAAVzG0IJ0HvSPOpBEMhO79Mr5wMZYjADAERQ', 'expires_in': 7200},status_code:200
[2022-11-13 22:59:34,876] logger_utils.py->print_log line:20 [INFO]状态码断言
[2022-11-13 22:59:34,876] logger_utils.py->print_log line:20 [INFO]包含断言
[2022-11-13 22:59:34,877] logger_utils.py->print_log line:20 [INFO]获取鉴权码-正例业务断言成功
[2022-11-13 22:59:34,877] logger_utils.py->print_log line:20 [INFO]----------------获取鉴权码-正例接口测试结束----------------

[2022-11-13 22:59:34,884] logger_utils.py->print_log line:20 [INFO]----------------获取鉴权码-appid为空接口测试开始----------------
[2022-11-13 22:59:34,884] logger_utils.py->print_log line:20 [INFO]请求方式：None
[2022-11-13 22:59:34,885] logger_utils.py->print_log line:20 [INFO]请求地址：https://api.weixin.qq.com/cgi-bin/token
[2022-11-13 22:59:34,885] logger_utils.py->print_log line:20 [INFO]请求params参数：{'grant_type': 'client_credential', 'appid': '', 'secret': 'e9a29dfa3920020ebee3675bcc9c2cf8'}
[2022-11-13 22:59:34,929] logger_utils.py->print_log line:20 [INFO]正则表达式"access_token":"(.*?)"可能有误，或者(反例)接口请求失败，未提取到中间变量
[2022-11-13 22:59:34,929] logger_utils.py->print_log line:20 [INFO]jsonpath表达式$..expires_in可能有误，或者(反例)接口请求失败，未提取到中间变量
[2022-11-13 22:59:34,929] logger_utils.py->print_log line:20 [INFO]预期结果：[{'codes': {'status_code': 200}}, {'contains': '41002'}]
[2022-11-13 22:59:34,929] logger_utils.py->print_log line:20 [INFO]实际结果：{'errcode': 41002, 'errmsg': 'appid missing rid: 63710656-3f6a808c-7934c3db'},status_code:200
[2022-11-13 22:59:34,930] logger_utils.py->print_log line:20 [INFO]状态码断言
[2022-11-13 22:59:34,930] logger_utils.py->print_log line:20 [INFO]包含断言
[2022-11-13 22:59:34,930] logger_utils.py->print_log line:20 [INFO]获取鉴权码-appid为空业务断言成功
[2022-11-13 22:59:34,930] logger_utils.py->print_log line:20 [INFO]----------------获取鉴权码-appid为空接口测试结束----------------

[2022-11-13 22:59:34,937] logger_utils.py->print_log line:20 [INFO]----------------获取鉴权码-secret为空接口测试开始----------------
[2022-11-13 22:59:34,937] logger_utils.py->print_log line:20 [INFO]请求方式：None
[2022-11-13 22:59:34,938] logger_utils.py->print_log line:20 [INFO]请求地址：https://api.weixin.qq.com/cgi-bin/token
[2022-11-13 22:59:34,938] logger_utils.py->print_log line:20 [INFO]请求params参数：{'grant_type': 'client_credential', 'appid': 'wxf393fadf3268a5d5', 'secret': ''}
[2022-11-13 22:59:35,005] logger_utils.py->print_log line:20 [INFO]正则表达式"access_token":"(.*?)"可能有误，或者(反例)接口请求失败，未提取到中间变量
[2022-11-13 22:59:35,006] logger_utils.py->print_log line:20 [INFO]jsonpath表达式$..expires_in可能有误，或者(反例)接口请求失败，未提取到中间变量
[2022-11-13 22:59:35,006] logger_utils.py->print_log line:20 [INFO]预期结果：[{'codes': {'status_code': 200}}, {'contains': '41004'}]
[2022-11-13 22:59:35,006] logger_utils.py->print_log line:20 [INFO]实际结果：{'errcode': 41004, 'errmsg': 'appsecret missing rid: 63710656-58884975-30e5ad78'},status_code:200
[2022-11-13 22:59:35,006] logger_utils.py->print_log line:20 [INFO]状态码断言
[2022-11-13 22:59:35,006] logger_utils.py->print_log line:20 [INFO]包含断言
[2022-11-13 22:59:35,006] logger_utils.py->print_log line:20 [INFO]获取鉴权码-secret为空业务断言成功
[2022-11-13 22:59:35,006] logger_utils.py->print_log line:20 [INFO]----------------获取鉴权码-secret为空接口测试结束----------------

