[2022-11-14 12:59:20,638] logger_utils.py->print_log line:20 [INFO]----------------获取鉴权码-正例接口测试开始----------------
[2022-11-14 12:59:20,638] logger_utils.py->print_log line:20 [INFO]请求方式：get
[2022-11-14 12:59:20,639] logger_utils.py->print_log line:20 [INFO]请求地址：https://api.weixin.qq.com/cgi-bin/token
[2022-11-14 12:59:20,640] logger_utils.py->print_log line:20 [INFO]请求params参数：{'grant_type': 'client_credential', 'appid': 'wxf393fadf3268a5d5', 'secret': 'e9a29dfa3920020ebee3675bcc9c2cf8'}
[2022-11-14 12:59:21,309] logger_utils.py->print_log line:20 [INFO]预期结果：[{'codes': {'status_code': 200}}, {'contains': 'access_token'}]
[2022-11-14 12:59:21,309] logger_utils.py->print_log line:20 [INFO]实际结果：{'access_token': '62_fVK3hio-T8iCxGLo-f_nShyJqxXzTLpoNh3DzvIj89W0a3PZx69o1qhBb_SDDj1Abm82S_53MtbUltPnCTX2Fq5_m6JvZhrKUGlD1IFwJTpjYxlIzvO1_udTb5kHJIgABAZBA', 'expires_in': 7200},status_code:200
[2022-11-14 12:59:21,310] logger_utils.py->print_log line:20 [INFO]状态码断言
[2022-11-14 12:59:21,310] logger_utils.py->print_log line:20 [INFO]包含断言
[2022-11-14 12:59:21,310] logger_utils.py->print_log line:20 [INFO]获取鉴权码-正例业务断言成功
[2022-11-14 12:59:21,310] logger_utils.py->print_log line:20 [INFO]----------------获取鉴权码-正例接口测试结束----------------

[2022-11-14 12:59:21,317] logger_utils.py->print_log line:20 [INFO]----------------获取鉴权码-appid为空接口测试开始----------------
[2022-11-14 12:59:21,317] logger_utils.py->print_log line:20 [INFO]请求方式：get
[2022-11-14 12:59:21,318] logger_utils.py->print_log line:20 [INFO]请求地址：https://api.weixin.qq.com/cgi-bin/token
[2022-11-14 12:59:21,318] logger_utils.py->print_log line:20 [INFO]请求params参数：{'grant_type': 'client_credential', 'appid': '', 'secret': 'e9a29dfa3920020ebee3675bcc9c2cf8'}
[2022-11-14 12:59:21,459] logger_utils.py->print_log line:20 [INFO]正则表达式"access_token":"(.*?)"可能有误，或者(反例)接口请求失败，未提取到中间变量
[2022-11-14 12:59:21,459] logger_utils.py->print_log line:20 [INFO]jsonpath表达式$..expires_in可能有误，或者(反例)接口请求失败，未提取到中间变量
[2022-11-14 12:59:21,459] logger_utils.py->print_log line:20 [INFO]预期结果：[{'codes': {'status_code': 200}}, {'contains': '41002'}]
[2022-11-14 12:59:21,459] logger_utils.py->print_log line:20 [INFO]实际结果：{'errcode': 41002, 'errmsg': 'appid missing rid: 6371cb28-5b02e110-4a105794'},status_code:200
[2022-11-14 12:59:21,460] logger_utils.py->print_log line:20 [INFO]状态码断言
[2022-11-14 12:59:21,460] logger_utils.py->print_log line:20 [INFO]包含断言
[2022-11-14 12:59:21,460] logger_utils.py->print_log line:20 [INFO]获取鉴权码-appid为空业务断言成功
[2022-11-14 12:59:21,460] logger_utils.py->print_log line:20 [INFO]----------------获取鉴权码-appid为空接口测试结束----------------

[2022-11-14 12:59:21,469] logger_utils.py->print_log line:20 [INFO]----------------获取鉴权码-secret为空接口测试开始----------------
[2022-11-14 12:59:21,469] logger_utils.py->print_log line:20 [INFO]请求方式：get
[2022-11-14 12:59:21,471] logger_utils.py->print_log line:20 [INFO]请求地址：https://api.weixin.qq.com/cgi-bin/token
[2022-11-14 12:59:21,472] logger_utils.py->print_log line:20 [INFO]请求params参数：{'grant_type': 'client_credential', 'appid': 'wxf393fadf3268a5d5', 'secret': ''}
[2022-11-14 12:59:21,601] logger_utils.py->print_log line:20 [INFO]正则表达式"access_token":"(.*?)"可能有误，或者(反例)接口请求失败，未提取到中间变量
[2022-11-14 12:59:21,601] logger_utils.py->print_log line:20 [INFO]jsonpath表达式$..expires_in可能有误，或者(反例)接口请求失败，未提取到中间变量
[2022-11-14 12:59:21,601] logger_utils.py->print_log line:20 [INFO]预期结果：[{'codes': {'status_code': 200}}, {'contains': '41004'}]
[2022-11-14 12:59:21,601] logger_utils.py->print_log line:20 [INFO]实际结果：{'errcode': 41004, 'errmsg': 'appsecret missing rid: 6371cb28-3301b1d0-467829fa'},status_code:200
[2022-11-14 12:59:21,601] logger_utils.py->print_log line:20 [INFO]状态码断言
[2022-11-14 12:59:21,602] logger_utils.py->print_log line:20 [INFO]包含断言
[2022-11-14 12:59:21,602] logger_utils.py->print_log line:20 [INFO]获取鉴权码-secret为空业务断言成功
[2022-11-14 12:59:21,602] logger_utils.py->print_log line:20 [INFO]----------------获取鉴权码-secret为空接口测试结束----------------

[2022-11-14 12:59:21,608] logger_utils.py->print_log line:20 [INFO]----------------选择标签-正例接口测试开始----------------
[2022-11-14 12:59:21,609] logger_utils.py->print_log line:20 [INFO]params参数不存在，请注意
[2022-11-14 12:59:21,609] logger_utils.py->print_log line:20 [INFO]请求方式：get
[2022-11-14 12:59:21,611] logger_utils.py->print_log line:20 [INFO]请求地址：https://api.weixin.qq.com/cgi-bin/tags/get?access_token=62_fVK3hio-T8iCxGLo-f_nShyJqxXzTLpoNh3DzvIj89W0a3PZx69o1qhBb_SDDj1Abm82S_53MtbUltPnCTX2Fq5_m6JvZhrKUGlD1IFwJTpjYxlIzvO1_udTb5kHJIgABAZBA
[2022-11-14 12:59:21,766] logger_utils.py->print_log line:20 [INFO]如果此条用例不需要提示中间变量，请忽略此提示。否则请检查extract配置项
[2022-11-14 12:59:21,766] logger_utils.py->print_log line:20 [INFO]预期结果：[{'contains': 'tags'}, {'codes': {'status_code': 200}}]
[2022-11-14 12:59:21,766] logger_utils.py->print_log line:20 [INFO]实际结果：{'tags': [{'id': 2, 'name': '星标组', 'count': 0}]},status_code:200
[2022-11-14 12:59:21,766] logger_utils.py->print_log line:20 [INFO]包含断言
[2022-11-14 12:59:21,766] logger_utils.py->print_log line:20 [INFO]状态码断言
[2022-11-14 12:59:21,766] logger_utils.py->print_log line:20 [INFO]选择标签-正例业务断言成功
[2022-11-14 12:59:21,766] logger_utils.py->print_log line:20 [INFO]----------------选择标签-正例接口测试结束----------------

