[2022-11-14 00:56:11,552] logger_utils.py->print_log line:20 [INFO]----------------获取鉴权码-正例接口测试开始----------------
[2022-11-14 00:56:11,552] logger_utils.py->print_log line:20 [INFO]请求方式：None
[2022-11-14 00:56:11,553] logger_utils.py->print_log line:20 [INFO]请求地址：https://api.weixin.qq.com/cgi-bin/token
[2022-11-14 00:56:11,553] logger_utils.py->print_log line:20 [INFO]请求params参数：{'grant_type': 'client_credential', 'appid': 'wxf393fadf3268a5d5', 'secret': 'e9a29dfa3920020ebee3675bcc9c2cf8'}
[2022-11-14 00:56:11,956] logger_utils.py->print_log line:20 [INFO]预期结果：[{'codes': {'status_code': 200}}, {'contains': 'access_token'}]
[2022-11-14 00:56:11,957] logger_utils.py->print_log line:20 [INFO]实际结果：{'access_token': '62_NgAfIjOvZ96uD2QxRVxwJ6pnuFUKEBNSeHcm4MpwOK-Maynjm4XTbbOkpwmVGVb_Ip08nMc24TH_lPTHH12KZRGiB30dIFkm8I19gTf3QcGJVImu8hdf4oaxrygCRFdAIALAO', 'expires_in': 7200},status_code:200
[2022-11-14 00:56:11,957] logger_utils.py->print_log line:20 [INFO]状态码断言
[2022-11-14 00:56:11,957] logger_utils.py->print_log line:20 [INFO]包含断言
[2022-11-14 00:56:11,957] logger_utils.py->print_log line:20 [INFO]获取鉴权码-正例业务断言成功
[2022-11-14 00:56:11,957] logger_utils.py->print_log line:20 [INFO]----------------获取鉴权码-正例接口测试结束----------------

[2022-11-14 00:56:11,968] logger_utils.py->print_log line:20 [INFO]----------------获取鉴权码-appid为空接口测试开始----------------
[2022-11-14 00:56:11,968] logger_utils.py->print_log line:20 [INFO]请求方式：None
[2022-11-14 00:56:11,969] logger_utils.py->print_log line:20 [INFO]请求地址：https://api.weixin.qq.com/cgi-bin/token
[2022-11-14 00:56:11,969] logger_utils.py->print_log line:20 [INFO]请求params参数：{'grant_type': 'client_credential', 'appid': '', 'secret': 'e9a29dfa3920020ebee3675bcc9c2cf8'}
[2022-11-14 00:56:12,020] logger_utils.py->print_log line:20 [INFO]正则表达式"access_token":"(.*?)"可能有误，或者(反例)接口请求失败，未提取到中间变量
[2022-11-14 00:56:12,020] logger_utils.py->print_log line:20 [INFO]jsonpath表达式$..expires_in可能有误，或者(反例)接口请求失败，未提取到中间变量
[2022-11-14 00:56:12,020] logger_utils.py->print_log line:20 [INFO]预期结果：[{'codes': {'status_code': 200}}, {'contains': '41002'}]
[2022-11-14 00:56:12,021] logger_utils.py->print_log line:20 [INFO]实际结果：{'errcode': 41002, 'errmsg': 'appid missing rid: 637121ab-3923f08a-0f33b21a'},status_code:200
[2022-11-14 00:56:12,021] logger_utils.py->print_log line:20 [INFO]状态码断言
[2022-11-14 00:56:12,021] logger_utils.py->print_log line:20 [INFO]包含断言
[2022-11-14 00:56:12,021] logger_utils.py->print_log line:20 [INFO]获取鉴权码-appid为空业务断言成功
[2022-11-14 00:56:12,021] logger_utils.py->print_log line:20 [INFO]----------------获取鉴权码-appid为空接口测试结束----------------

[2022-11-14 00:56:12,026] logger_utils.py->print_log line:20 [INFO]----------------获取鉴权码-secret为空接口测试开始----------------
[2022-11-14 00:56:12,026] logger_utils.py->print_log line:20 [INFO]请求方式：None
[2022-11-14 00:56:12,027] logger_utils.py->print_log line:20 [INFO]请求地址：https://api.weixin.qq.com/cgi-bin/token
[2022-11-14 00:56:12,027] logger_utils.py->print_log line:20 [INFO]请求params参数：{'grant_type': 'client_credential', 'appid': 'wxf393fadf3268a5d5', 'secret': ''}
[2022-11-14 00:56:12,101] logger_utils.py->print_log line:20 [INFO]正则表达式"access_token":"(.*?)"可能有误，或者(反例)接口请求失败，未提取到中间变量
[2022-11-14 00:56:12,101] logger_utils.py->print_log line:20 [INFO]jsonpath表达式$..expires_in可能有误，或者(反例)接口请求失败，未提取到中间变量
[2022-11-14 00:56:12,101] logger_utils.py->print_log line:20 [INFO]预期结果：[{'codes': {'status_code': 200}}, {'contains': '41004'}]
[2022-11-14 00:56:12,101] logger_utils.py->print_log line:20 [INFO]实际结果：{'errcode': 41004, 'errmsg': 'appsecret missing rid: 637121ab-22c42a2e-103d8029'},status_code:200
[2022-11-14 00:56:12,101] logger_utils.py->print_log line:20 [INFO]状态码断言
[2022-11-14 00:56:12,101] logger_utils.py->print_log line:20 [INFO]包含断言
[2022-11-14 00:56:12,102] logger_utils.py->print_log line:20 [INFO]获取鉴权码-secret为空业务断言成功
[2022-11-14 00:56:12,102] logger_utils.py->print_log line:20 [INFO]----------------获取鉴权码-secret为空接口测试结束----------------

