[2022-11-13 22:50:45,626] logger_utils.py->print_log line:20 [INFO]----------------获取鉴权码-正例接口测试开始----------------
[2022-11-13 22:50:45,626] logger_utils.py->print_log line:20 [INFO]请求方式：None
[2022-11-13 22:50:45,627] logger_utils.py->print_log line:20 [INFO]请求地址：https://api.weixin.qq.com/cgi-bin/token
[2022-11-13 22:50:45,627] logger_utils.py->print_log line:20 [INFO]请求params参数：{'grant_type': 'client_credential', 'appid': 'wxf393fadf3268a5d5', 'secret': 'e9a29dfa3920020ebee3675bcc9c2cf8'}
[2022-11-13 22:50:45,973] logger_utils.py->print_log line:20 [INFO]预期结果：[{'codes': {'status_code': 200}}, {'contains': 'access_token'}]
[2022-11-13 22:50:45,974] logger_utils.py->print_log line:20 [INFO]实际结果：{'access_token': '62_wr0w5_mBwK6TmSN-t515jIEjqo-Dm1C4_z-dnapRlmenNAn1boxjzMmxkU8LuaTT-3JWMvL3DJZ860BitsnKz1hMuPsiB8ry4ffX6ZWL2GS3EhT4I8AYFBsSkEwWKAiAAAOCS', 'expires_in': 7200},status_code:200
[2022-11-13 22:50:45,974] logger_utils.py->print_log line:20 [INFO]状态码断言
[2022-11-13 22:50:45,974] logger_utils.py->print_log line:20 [INFO]包含断言
[2022-11-13 22:50:45,974] logger_utils.py->print_log line:20 [INFO]获取鉴权码-正例业务断言成功
[2022-11-13 22:50:45,974] logger_utils.py->print_log line:20 [INFO]----------------获取鉴权码-正例接口测试结束----------------

[2022-11-13 22:50:45,981] logger_utils.py->print_log line:20 [INFO]----------------获取鉴权码-appid为空接口测试开始----------------
[2022-11-13 22:50:45,981] logger_utils.py->print_log line:20 [INFO]请求方式：None
[2022-11-13 22:50:45,982] logger_utils.py->print_log line:20 [INFO]请求地址：https://api.weixin.qq.com/cgi-bin/token
[2022-11-13 22:50:45,982] logger_utils.py->print_log line:20 [INFO]请求params参数：{'grant_type': 'client_credential', 'appid': '', 'secret': 'e9a29dfa3920020ebee3675bcc9c2cf8'}
[2022-11-13 22:50:46,025] logger_utils.py->print_log line:20 [INFO]正则表达式"access_token":"(.*?)"可能有误，或者(反例)接口请求失败，未提取到中间变量
[2022-11-13 22:50:46,025] logger_utils.py->print_log line:20 [INFO]jsonpath表达式$..expires_in可能有误，或者(反例)接口请求失败，未提取到中间变量
[2022-11-13 22:50:46,025] logger_utils.py->print_log line:20 [INFO]预期结果：[{'codes': {'status_code': 200}}, {'contains': '41002'}]
[2022-11-13 22:50:46,026] logger_utils.py->print_log line:20 [INFO]实际结果：{'errcode': 41002, 'errmsg': 'appid missing rid: 63710445-5a95bbf9-71876ea4'},status_code:200
[2022-11-13 22:50:46,026] logger_utils.py->print_log line:20 [INFO]状态码断言
[2022-11-13 22:50:46,026] logger_utils.py->print_log line:20 [INFO]包含断言
[2022-11-13 22:50:46,026] logger_utils.py->print_log line:20 [INFO]获取鉴权码-appid为空业务断言成功
[2022-11-13 22:50:46,026] logger_utils.py->print_log line:20 [INFO]----------------获取鉴权码-appid为空接口测试结束----------------

[2022-11-13 22:50:46,033] logger_utils.py->print_log line:20 [INFO]----------------获取鉴权码-secret为空接口测试开始----------------
[2022-11-13 22:50:46,033] logger_utils.py->print_log line:20 [INFO]请求方式：None
[2022-11-13 22:50:46,034] logger_utils.py->print_log line:20 [INFO]请求地址：https://api.weixin.qq.com/cgi-bin/token
[2022-11-13 22:50:46,035] logger_utils.py->print_log line:20 [INFO]请求params参数：{'grant_type': 'client_credential', 'appid': 'wxf393fadf3268a5d5', 'secret': ''}
[2022-11-13 22:50:46,114] logger_utils.py->print_log line:20 [INFO]正则表达式"access_token":"(.*?)"可能有误，或者(反例)接口请求失败，未提取到中间变量
[2022-11-13 22:50:46,114] logger_utils.py->print_log line:20 [INFO]jsonpath表达式$..expires_in可能有误，或者(反例)接口请求失败，未提取到中间变量
[2022-11-13 22:50:46,114] logger_utils.py->print_log line:20 [INFO]预期结果：[{'codes': {'status_code': 200}}, {'contains': '41004'}]
[2022-11-13 22:50:46,114] logger_utils.py->print_log line:20 [INFO]实际结果：{'errcode': 41004, 'errmsg': 'appsecret missing rid: 63710445-104250a0-7a4b14c3'},status_code:200
[2022-11-13 22:50:46,114] logger_utils.py->print_log line:20 [INFO]状态码断言
[2022-11-13 22:50:46,115] logger_utils.py->print_log line:20 [INFO]包含断言
[2022-11-13 22:50:46,115] logger_utils.py->print_log line:20 [INFO]获取鉴权码-secret为空业务断言成功
[2022-11-13 22:50:46,115] logger_utils.py->print_log line:20 [INFO]----------------获取鉴权码-secret为空接口测试结束----------------

