[2022-11-14 13:07:10,079] logger_utils.py->print_log line:20 [INFO]----------------获取鉴权码-正例接口测试开始----------------
[2022-11-14 13:07:10,080] logger_utils.py->print_log line:20 [INFO]请求方式：get
[2022-11-14 13:07:10,081] logger_utils.py->print_log line:20 [INFO]请求地址：https://api.weixin.qq.com/cgi-bin/token
[2022-11-14 13:07:10,081] logger_utils.py->print_log line:20 [INFO]请求params参数：{'grant_type': 'client_credential', 'appid': 'wxf393fadf3268a5d5', 'secret': 'e9a29dfa3920020ebee3675bcc9c2cf8'}
[2022-11-14 13:07:10,375] logger_utils.py->print_log line:20 [INFO]extract配置参数为空，请检查
[2022-11-14 13:07:10,375] logger_utils.py->print_log line:20 [INFO]预期结果：[{'codes': {'status_code': 200}}, {'contains': 'access_token'}]
[2022-11-14 13:07:10,376] logger_utils.py->print_log line:20 [INFO]实际结果：{'access_token': '62_prGX3xyi9l3dOKq3Xqgh8JtxYezWWzxqsTqodhuXVQb4oa9LAwJ4hkHzoUMVq676xrEB8KJXAsctFpq4bvMJy4sL33BYmtemM2QuYdVubryQh55FIVQGdST-wDoVDDeAGABJJ', 'expires_in': 7200},status_code:200
[2022-11-14 13:07:10,376] logger_utils.py->print_log line:20 [INFO]状态码断言
[2022-11-14 13:07:10,376] logger_utils.py->print_log line:20 [INFO]包含断言
[2022-11-14 13:07:10,376] logger_utils.py->print_log line:20 [INFO]获取鉴权码-正例业务断言成功
[2022-11-14 13:07:10,376] logger_utils.py->print_log line:20 [INFO]----------------获取鉴权码-正例接口测试结束----------------

[2022-11-14 13:07:10,384] logger_utils.py->print_log line:20 [INFO]----------------获取鉴权码-appid为空接口测试开始----------------
[2022-11-14 13:07:10,384] logger_utils.py->print_log line:20 [INFO]请求方式：get
[2022-11-14 13:07:10,385] logger_utils.py->print_log line:20 [INFO]请求地址：https://api.weixin.qq.com/cgi-bin/token
[2022-11-14 13:07:10,385] logger_utils.py->print_log line:20 [INFO]请求params参数：{'grant_type': 'client_credential', 'appid': '', 'secret': 'e9a29dfa3920020ebee3675bcc9c2cf8'}
[2022-11-14 13:07:10,427] logger_utils.py->print_log line:20 [INFO]extract配置参数为空，请检查
[2022-11-14 13:07:10,427] logger_utils.py->print_log line:20 [INFO]预期结果：[{'codes': {'status_code': 200}}, {'contains': '41002'}]
[2022-11-14 13:07:10,427] logger_utils.py->print_log line:20 [INFO]实际结果：{'errcode': 41002, 'errmsg': 'appid missing rid: 6371ccfd-78a4b672-732a8a32'},status_code:200
[2022-11-14 13:07:10,427] logger_utils.py->print_log line:20 [INFO]状态码断言
[2022-11-14 13:07:10,427] logger_utils.py->print_log line:20 [INFO]包含断言
[2022-11-14 13:07:10,428] logger_utils.py->print_log line:20 [INFO]获取鉴权码-appid为空业务断言成功
[2022-11-14 13:07:10,428] logger_utils.py->print_log line:20 [INFO]----------------获取鉴权码-appid为空接口测试结束----------------

[2022-11-14 13:07:10,435] logger_utils.py->print_log line:20 [INFO]----------------获取鉴权码-secret为空接口测试开始----------------
[2022-11-14 13:07:10,435] logger_utils.py->print_log line:20 [INFO]请求方式：get
[2022-11-14 13:07:10,436] logger_utils.py->print_log line:20 [INFO]请求地址：https://api.weixin.qq.com/cgi-bin/token
[2022-11-14 13:07:10,436] logger_utils.py->print_log line:20 [INFO]请求params参数：{'grant_type': 'client_credential', 'appid': 'wxf393fadf3268a5d5', 'secret': ''}
[2022-11-14 13:07:10,502] logger_utils.py->print_log line:20 [INFO]extract配置参数为空，请检查
[2022-11-14 13:07:10,502] logger_utils.py->print_log line:20 [INFO]预期结果：[{'codes': {'status_code': 200}}, {'contains': '41004'}]
[2022-11-14 13:07:10,502] logger_utils.py->print_log line:20 [INFO]实际结果：{'errcode': 41004, 'errmsg': 'appsecret missing rid: 6371ccfd-164200e2-26996085'},status_code:200
[2022-11-14 13:07:10,502] logger_utils.py->print_log line:20 [INFO]状态码断言
[2022-11-14 13:07:10,503] logger_utils.py->print_log line:20 [INFO]包含断言
[2022-11-14 13:07:10,503] logger_utils.py->print_log line:20 [INFO]获取鉴权码-secret为空业务断言成功
[2022-11-14 13:07:10,503] logger_utils.py->print_log line:20 [INFO]----------------获取鉴权码-secret为空接口测试结束----------------

