[2022-11-14 01:22:21,907] logger_utils.py->print_log line:20 [INFO]----------------获取鉴权码-正例接口测试开始----------------
[2022-11-14 01:22:21,907] logger_utils.py->print_log line:20 [INFO]请求方式：get
[2022-11-14 01:22:21,908] logger_utils.py->print_log line:20 [INFO]请求地址：https://api.weixin.qq.com/cgi-bin/token
[2022-11-14 01:22:21,909] logger_utils.py->print_log line:20 [INFO]请求params参数：{'grant_type': 'client_credential', 'appid': 'wxf393fadf3268a5d5', 'secret': 'e9a29dfa3920020ebee3675bcc9c2cf8'}
[2022-11-14 01:22:22,246] logger_utils.py->print_log line:20 [INFO]预期结果：[{'codes': {'status_code': 200}}, {'contains': 'access_token'}]
[2022-11-14 01:22:22,246] logger_utils.py->print_log line:20 [INFO]实际结果：{'access_token': '62_ydM1HTl7BM2ylBshfij8pMGWr4CNw95V2h2RMz2ziWqMGDxHqjbXUgCVO0hH51S9EFD5u9KPP4Xo4umYHUTcQIHoqkrMalbuCB8v5jRydDd3TDoqvSBs305jGHsDITfAHALQB', 'expires_in': 7200},status_code:200
[2022-11-14 01:22:22,247] logger_utils.py->print_log line:20 [INFO]状态码断言
[2022-11-14 01:22:22,247] logger_utils.py->print_log line:20 [INFO]包含断言
[2022-11-14 01:22:22,247] logger_utils.py->print_log line:20 [INFO]获取鉴权码-正例业务断言成功
[2022-11-14 01:22:22,247] logger_utils.py->print_log line:20 [INFO]----------------获取鉴权码-正例接口测试结束----------------

[2022-11-14 01:22:22,254] logger_utils.py->print_log line:20 [INFO]----------------获取鉴权码-appid为空接口测试开始----------------
[2022-11-14 01:22:22,254] logger_utils.py->print_log line:20 [INFO]请求方式：get
[2022-11-14 01:22:22,255] logger_utils.py->print_log line:20 [INFO]请求地址：https://api.weixin.qq.com/cgi-bin/token
[2022-11-14 01:22:22,255] logger_utils.py->print_log line:20 [INFO]请求params参数：{'grant_type': 'client_credential', 'appid': '', 'secret': 'e9a29dfa3920020ebee3675bcc9c2cf8'}
[2022-11-14 01:22:22,302] logger_utils.py->print_log line:20 [INFO]正则表达式"access_token":"(.*?)"可能有误，或者(反例)接口请求失败，未提取到中间变量
[2022-11-14 01:22:22,302] logger_utils.py->print_log line:20 [INFO]jsonpath表达式$..expires_in可能有误，或者(反例)接口请求失败，未提取到中间变量
[2022-11-14 01:22:22,303] logger_utils.py->print_log line:20 [INFO]预期结果：[{'codes': {'status_code': 200}}, {'contains': '41002'}]
[2022-11-14 01:22:22,303] logger_utils.py->print_log line:20 [INFO]实际结果：{'errcode': 41002, 'errmsg': 'appid missing rid: 637127cd-06614747-33534829'},status_code:200
[2022-11-14 01:22:22,303] logger_utils.py->print_log line:20 [INFO]状态码断言
[2022-11-14 01:22:22,303] logger_utils.py->print_log line:20 [INFO]包含断言
[2022-11-14 01:22:22,303] logger_utils.py->print_log line:20 [INFO]获取鉴权码-appid为空业务断言成功
[2022-11-14 01:22:22,303] logger_utils.py->print_log line:20 [INFO]----------------获取鉴权码-appid为空接口测试结束----------------

[2022-11-14 01:22:22,310] logger_utils.py->print_log line:20 [INFO]----------------获取鉴权码-secret为空接口测试开始----------------
[2022-11-14 01:22:22,311] logger_utils.py->print_log line:20 [INFO]请求方式：get
[2022-11-14 01:22:22,311] logger_utils.py->print_log line:20 [INFO]请求地址：https://api.weixin.qq.com/cgi-bin/token
[2022-11-14 01:22:22,312] logger_utils.py->print_log line:20 [INFO]请求params参数：{'grant_type': 'client_credential', 'appid': 'wxf393fadf3268a5d5', 'secret': ''}
[2022-11-14 01:22:22,384] logger_utils.py->print_log line:20 [INFO]正则表达式"access_token":"(.*?)"可能有误，或者(反例)接口请求失败，未提取到中间变量
[2022-11-14 01:22:22,384] logger_utils.py->print_log line:20 [INFO]jsonpath表达式$..expires_in可能有误，或者(反例)接口请求失败，未提取到中间变量
[2022-11-14 01:22:22,384] logger_utils.py->print_log line:20 [INFO]预期结果：[{'codes': {'status_code': 200}}, {'contains': '41004'}]
[2022-11-14 01:22:22,384] logger_utils.py->print_log line:20 [INFO]实际结果：{'errcode': 41004, 'errmsg': 'appsecret missing rid: 637127cd-0f36e0f3-10f7aa47'},status_code:200
[2022-11-14 01:22:22,385] logger_utils.py->print_log line:20 [INFO]状态码断言
[2022-11-14 01:22:22,385] logger_utils.py->print_log line:20 [INFO]包含断言
[2022-11-14 01:22:22,385] logger_utils.py->print_log line:20 [INFO]获取鉴权码-secret为空业务断言成功
[2022-11-14 01:22:22,385] logger_utils.py->print_log line:20 [INFO]----------------获取鉴权码-secret为空接口测试结束----------------

