[2022-11-14 12:35:19,765] logger_utils.py->print_log line:20 [INFO]----------------获取鉴权码-正例接口测试开始----------------
[2022-11-14 12:35:19,765] logger_utils.py->print_log line:20 [INFO]请求方式：get
[2022-11-14 12:35:19,766] logger_utils.py->print_log line:20 [INFO]请求地址：https://api.weixin.qq.com/cgi-bin/token
[2022-11-14 12:35:19,766] logger_utils.py->print_log line:20 [INFO]请求params参数：{'grant_type': 'client_credential', 'appid': 'wxf393fadf3268a5d5', 'secret': 'e9a29dfa3920020ebee3675bcc9c2cf8'}
[2022-11-14 12:35:20,064] logger_utils.py->print_log line:20 [INFO]预期结果：[{'codes': {'status_code': 200}}, {'contains': 'access_token'}]
[2022-11-14 12:35:20,065] logger_utils.py->print_log line:20 [INFO]实际结果：{'access_token': '62_0GifkdW1jdE12btpwJ7i_fjifW3f2m6dLbzd14z-5RjkC1QNc8mUxVInVZlL7q9NmSsZH5jc3ZpPXdPHBMeGeIAwR-LRPtAYb-1gBcId46YhVo7FEWWKIg6xt90CGVaABAGKZ', 'expires_in': 7200},status_code:200
[2022-11-14 12:35:20,065] logger_utils.py->print_log line:20 [INFO]状态码断言
[2022-11-14 12:35:20,066] logger_utils.py->print_log line:20 [INFO]包含断言
[2022-11-14 12:35:20,066] logger_utils.py->print_log line:20 [INFO]获取鉴权码-正例业务断言成功
[2022-11-14 12:35:20,066] logger_utils.py->print_log line:20 [INFO]----------------获取鉴权码-正例接口测试结束----------------

[2022-11-14 12:35:20,073] logger_utils.py->print_log line:20 [INFO]----------------获取鉴权码-appid为空接口测试开始----------------
[2022-11-14 12:35:20,073] logger_utils.py->print_log line:20 [INFO]请求方式：get
[2022-11-14 12:35:20,074] logger_utils.py->print_log line:20 [INFO]请求地址：https://api.weixin.qq.com/cgi-bin/token
[2022-11-14 12:35:20,074] logger_utils.py->print_log line:20 [INFO]请求params参数：{'grant_type': 'client_credential', 'appid': '', 'secret': 'e9a29dfa3920020ebee3675bcc9c2cf8'}
[2022-11-14 12:35:20,121] logger_utils.py->print_log line:20 [INFO]正则表达式"access_token":"(.*?)"可能有误，或者(反例)接口请求失败，未提取到中间变量
[2022-11-14 12:35:20,121] logger_utils.py->print_log line:20 [INFO]jsonpath表达式$..expires_in可能有误，或者(反例)接口请求失败，未提取到中间变量
[2022-11-14 12:35:20,122] logger_utils.py->print_log line:20 [INFO]预期结果：[{'codes': {'status_code': 200}}, {'contains': '41002'}]
[2022-11-14 12:35:20,122] logger_utils.py->print_log line:20 [INFO]实际结果：{'errcode': 41002, 'errmsg': 'appid missing rid: 6371c587-12ae2ffa-0b8f6c24'},status_code:200
[2022-11-14 12:35:20,122] logger_utils.py->print_log line:20 [INFO]状态码断言
[2022-11-14 12:35:20,122] logger_utils.py->print_log line:20 [INFO]包含断言
[2022-11-14 12:35:20,123] logger_utils.py->print_log line:20 [INFO]获取鉴权码-appid为空业务断言成功
[2022-11-14 12:35:20,123] logger_utils.py->print_log line:20 [INFO]----------------获取鉴权码-appid为空接口测试结束----------------

[2022-11-14 12:35:20,130] logger_utils.py->print_log line:20 [INFO]----------------获取鉴权码-secret为空接口测试开始----------------
[2022-11-14 12:35:20,130] logger_utils.py->print_log line:20 [INFO]请求方式：get
[2022-11-14 12:35:20,131] logger_utils.py->print_log line:20 [INFO]请求地址：https://api.weixin.qq.com/cgi-bin/token
[2022-11-14 12:35:20,131] logger_utils.py->print_log line:20 [INFO]请求params参数：{'grant_type': 'client_credential', 'appid': 'wxf393fadf3268a5d5', 'secret': ''}
[2022-11-14 12:35:20,201] logger_utils.py->print_log line:20 [INFO]正则表达式"access_token":"(.*?)"可能有误，或者(反例)接口请求失败，未提取到中间变量
[2022-11-14 12:35:20,201] logger_utils.py->print_log line:20 [INFO]jsonpath表达式$..expires_in可能有误，或者(反例)接口请求失败，未提取到中间变量
[2022-11-14 12:35:20,201] logger_utils.py->print_log line:20 [INFO]预期结果：[{'codes': {'status_code': 200}}, {'contains': '41004'}]
[2022-11-14 12:35:20,201] logger_utils.py->print_log line:20 [INFO]实际结果：{'errcode': 41004, 'errmsg': 'appsecret missing rid: 6371c587-52a52423-1128d34c'},status_code:200
[2022-11-14 12:35:20,202] logger_utils.py->print_log line:20 [INFO]状态码断言
[2022-11-14 12:35:20,202] logger_utils.py->print_log line:20 [INFO]包含断言
[2022-11-14 12:35:20,202] logger_utils.py->print_log line:20 [INFO]获取鉴权码-secret为空业务断言成功
[2022-11-14 12:35:20,202] logger_utils.py->print_log line:20 [INFO]----------------获取鉴权码-secret为空接口测试结束----------------

